<?xml version="1.0" encoding="UTF-8"?>
<testsuite xmlns:xsi="http://www.w3.org/2001/XMLSchema-instance" xsi:noNamespaceSchemaLocation="https://maven.apache.org/surefire/maven-surefire-plugin/xsd/surefire-test-report-3.0.xsd" version="3.0" name="lesson5.CreateLinkTest" time="30.364" tests="1" errors="0" skipped="0" failures="0">
  <properties>
    <property name="gopherProxySet" value="false"/>
    <property name="awt.toolkit" value="sun.lwawt.macosx.LWCToolkit"/>
    <property name="http.proxyHost" value="127.0.0.1"/>
    <property name="java.specification.version" value="11"/>
    <property name="webdriver.chrome.driver" value="/Users/alinastepanova/.cache/selenium/chromedriver/mac64/98.0.4758.102/chromedriver"/>
    <property name="sun.cpu.isalist" value=""/>
    <property name="sun.jnu.encoding" value="UTF-8"/>
    <property name="java.class.path" value="/Users/alinastepanova/Desktop/StepanovaGB/target/test-classes:/Users/alinastepanova/Desktop/StepanovaGB/target/classes:/Users/alinastepanova/.m2/repository/org/junit/jupiter/junit-jupiter-engine/5.6.2/junit-jupiter-engine-5.6.2.jar:/Users/alinastepanova/.m2/repository/org/apiguardian/apiguardian-api/1.1.0/apiguardian-api-1.1.0.jar:/Users/alinastepanova/.m2/repository/org/junit/platform/junit-platform-engine/1.6.2/junit-platform-engine-1.6.2.jar:/Users/alinastepanova/.m2/repository/org/opentest4j/opentest4j/1.2.0/opentest4j-1.2.0.jar:/Users/alinastepanova/.m2/repository/org/junit/platform/junit-platform-commons/1.6.2/junit-platform-commons-1.6.2.jar:/Users/alinastepanova/.m2/repository/org/junit/jupiter/junit-jupiter-api/5.6.2/junit-jupiter-api-5.6.2.jar:/Users/alinastepanova/.m2/repository/org/junit/jupiter/junit-jupiter-params/5.6.2/junit-jupiter-params-5.6.2.jar:/Users/alinastepanova/.m2/repository/ch/qos/logback/logback-classic/1.2.3/logback-classic-1.2.3.jar:/Users/alinastepanova/.m2/repository/ch/qos/logback/logback-core/1.2.3/logback-core-1.2.3.jar:/Users/alinastepanova/.m2/repository/org/slf4j/slf4j-api/1.7.25/slf4j-api-1.7.25.jar:/Users/alinastepanova/.m2/repository/org/seleniumhq/selenium/selenium-java/4.0.0/selenium-java-4.0.0.jar:/Users/alinastepanova/.m2/repository/org/seleniumhq/selenium/selenium-api/4.0.0/selenium-api-4.0.0.jar:/Users/alinastepanova/.m2/repository/org/seleniumhq/selenium/selenium-chrome-driver/4.0.0/selenium-chrome-driver-4.0.0.jar:/Users/alinastepanova/.m2/repository/com/google/auto/service/auto-service-annotations/1.0/auto-service-annotations-1.0.jar:/Users/alinastepanova/.m2/repository/com/google/auto/service/auto-service/1.0/auto-service-1.0.jar:/Users/alinastepanova/.m2/repository/com/google/auto/auto-common/1.0/auto-common-1.0.jar:/Users/alinastepanova/.m2/repository/org/seleniumhq/selenium/selenium-chromium-driver/4.0.0/selenium-chromium-driver-4.0.0.jar:/Users/alinastepanova/.m2/repository/org/seleniumhq/selenium/selenium-json/4.0.0/selenium-json-4.0.0.jar:/Users/alinastepanova/.m2/repository/org/seleniumhq/selenium/selenium-devtools-v85/4.0.0/selenium-devtools-v85-4.0.0.jar:/Users/alinastepanova/.m2/repository/org/seleniumhq/selenium/selenium-devtools-v93/4.0.0/selenium-devtools-v93-4.0.0.jar:/Users/alinastepanova/.m2/repository/org/seleniumhq/selenium/selenium-devtools-v94/4.0.0/selenium-devtools-v94-4.0.0.jar:/Users/alinastepanova/.m2/repository/org/seleniumhq/selenium/selenium-devtools-v95/4.0.0/selenium-devtools-v95-4.0.0.jar:/Users/alinastepanova/.m2/repository/org/seleniumhq/selenium/selenium-edge-driver/4.0.0/selenium-edge-driver-4.0.0.jar:/Users/alinastepanova/.m2/repository/org/seleniumhq/selenium/selenium-firefox-driver/4.0.0/selenium-firefox-driver-4.0.0.jar:/Users/alinastepanova/.m2/repository/org/seleniumhq/selenium/selenium-firefox-xpi-driver/4.0.0/selenium-firefox-xpi-driver-4.0.0.jar:/Users/alinastepanova/.m2/repository/org/seleniumhq/selenium/selenium-ie-driver/4.0.0/selenium-ie-driver-4.0.0.jar:/Users/alinastepanova/.m2/repository/org/seleniumhq/selenium/selenium-opera-driver/4.0.0/selenium-opera-driver-4.0.0.jar:/Users/alinastepanova/.m2/repository/org/seleniumhq/selenium/selenium-remote-driver/4.0.0/selenium-remote-driver-4.0.0.jar:/Users/alinastepanova/.m2/repository/com/beust/jcommander/1.81/jcommander-1.81.jar:/Users/alinastepanova/.m2/repository/io/netty/netty-buffer/4.1.68.Final/netty-buffer-4.1.68.Final.jar:/Users/alinastepanova/.m2/repository/io/netty/netty-codec-http/4.1.67.Final/netty-codec-http-4.1.67.Final.jar:/Users/alinastepanova/.m2/repository/io/netty/netty-codec/4.1.67.Final/netty-codec-4.1.67.Final.jar:/Users/alinastepanova/.m2/repository/io/netty/netty-handler/4.1.67.Final/netty-handler-4.1.67.Final.jar:/Users/alinastepanova/.m2/repository/io/netty/netty-common/4.1.68.Final/netty-common-4.1.68.Final.jar:/Users/alinastepanova/.m2/repository/io/netty/netty-transport-native-epoll/4.1.67.Final/netty-transport-native-epoll-4.1.67.Final.jar:/Users/alinastepanova/.m2/repository/io/netty/netty-transport-native-kqueue/4.1.67.Final/netty-transport-native-kqueue-4.1.67.Final.jar:/Users/alinastepanova/.m2/repository/io/netty/netty-transport-native-unix-common/4.1.67.Final/netty-transport-native-unix-common-4.1.67.Final.jar:/Users/alinastepanova/.m2/repository/io/netty/netty-transport/4.1.68.Final/netty-transport-4.1.68.Final.jar:/Users/alinastepanova/.m2/repository/io/netty/netty-resolver/4.1.68.Final/netty-resolver-4.1.68.Final.jar:/Users/alinastepanova/.m2/repository/io/opentelemetry/opentelemetry-api/1.6.0/opentelemetry-api-1.6.0.jar:/Users/alinastepanova/.m2/repository/io/opentelemetry/opentelemetry-context/1.6.0/opentelemetry-context-1.6.0.jar:/Users/alinastepanova/.m2/repository/io/opentelemetry/opentelemetry-exporter-logging/1.6.0/opentelemetry-exporter-logging-1.6.0.jar:/Users/alinastepanova/.m2/repository/io/opentelemetry/opentelemetry-sdk-metrics/1.6.0-alpha/opentelemetry-sdk-metrics-1.6.0-alpha.jar:/Users/alinastepanova/.m2/repository/io/opentelemetry/opentelemetry-sdk-common/1.6.0/opentelemetry-sdk-common-1.6.0.jar:/Users/alinastepanova/.m2/repository/io/opentelemetry/opentelemetry-sdk-extension-autoconfigure-spi/1.6.0/opentelemetry-sdk-extension-autoconfigure-spi-1.6.0.jar:/Users/alinastepanova/.m2/repository/io/opentelemetry/opentelemetry-sdk-extension-autoconfigure/1.6.0-alpha/opentelemetry-sdk-extension-autoconfigure-1.6.0-alpha.jar:/Users/alinastepanova/.m2/repository/io/opentelemetry/opentelemetry-sdk-trace/1.6.0/opentelemetry-sdk-trace-1.6.0.jar:/Users/alinastepanova/.m2/repository/io/opentelemetry/opentelemetry-api-metrics/1.6.0-alpha/opentelemetry-api-metrics-1.6.0-alpha.jar:/Users/alinastepanova/.m2/repository/io/opentelemetry/opentelemetry-sdk/1.6.0/opentelemetry-sdk-1.6.0.jar:/Users/alinastepanova/.m2/repository/io/opentelemetry/opentelemetry-semconv/1.6.0-alpha/opentelemetry-semconv-1.6.0-alpha.jar:/Users/alinastepanova/.m2/repository/io/ous/jtoml/2.0.0/jtoml-2.0.0.jar:/Users/alinastepanova/.m2/repository/net/bytebuddy/byte-buddy/1.11.19/byte-buddy-1.11.19.jar:/Users/alinastepanova/.m2/repository/org/apache/commons/commons-exec/1.3/commons-exec-1.3.jar:/Users/alinastepanova/.m2/repository/org/asynchttpclient/async-http-client/2.12.3/async-http-client-2.12.3.jar:/Users/alinastepanova/.m2/repository/org/asynchttpclient/async-http-client-netty-utils/2.12.3/async-http-client-netty-utils-2.12.3.jar:/Users/alinastepanova/.m2/repository/io/netty/netty-codec-socks/4.1.60.Final/netty-codec-socks-4.1.60.Final.jar:/Users/alinastepanova/.m2/repository/io/netty/netty-handler-proxy/4.1.60.Final/netty-handler-proxy-4.1.60.Final.jar:/Users/alinastepanova/.m2/repository/io/netty/netty-transport-native-epoll/4.1.60.Final/netty-transport-native-epoll-4.1.60.Final-linux-x86_64.jar:/Users/alinastepanova/.m2/repository/io/netty/netty-transport-native-kqueue/4.1.60.Final/netty-transport-native-kqueue-4.1.60.Final-osx-x86_64.jar:/Users/alinastepanova/.m2/repository/org/reactivestreams/reactive-streams/1.0.3/reactive-streams-1.0.3.jar:/Users/alinastepanova/.m2/repository/com/typesafe/netty/netty-reactive-streams/2.0.4/netty-reactive-streams-2.0.4.jar:/Users/alinastepanova/.m2/repository/com/sun/activation/jakarta.activation/1.2.2/jakarta.activation-1.2.2.jar:/Users/alinastepanova/.m2/repository/org/seleniumhq/selenium/selenium-http/4.0.0/selenium-http-4.0.0.jar:/Users/alinastepanova/.m2/repository/org/seleniumhq/selenium/selenium-safari-driver/4.0.0/selenium-safari-driver-4.0.0.jar:/Users/alinastepanova/.m2/repository/org/seleniumhq/selenium/selenium-support/4.0.0/selenium-support-4.0.0.jar:/Users/alinastepanova/.m2/repository/io/github/bonigarcia/webdrivermanager/5.0.3/webdrivermanager-5.0.3.jar:/Users/alinastepanova/.m2/repository/com/google/code/gson/gson/2.8.8/gson-2.8.8.jar:/Users/alinastepanova/.m2/repository/org/jsoup/jsoup/1.14.2/jsoup-1.14.2.jar:/Users/alinastepanova/.m2/repository/com/github/docker-java/docker-java/3.2.12/docker-java-3.2.12.jar:/Users/alinastepanova/.m2/repository/com/github/docker-java/docker-java-core/3.2.12/docker-java-core-3.2.12.jar:/Users/alinastepanova/.m2/repository/com/github/docker-java/docker-java-api/3.2.12/docker-java-api-3.2.12.jar:/Users/alinastepanova/.m2/repository/com/fasterxml/jackson/core/jackson-annotations/2.10.3/jackson-annotations-2.10.3.jar:/Users/alinastepanova/.m2/repository/commons-io/commons-io/2.6/commons-io-2.6.jar:/Users/alinastepanova/.m2/repository/org/apache/commons/commons-compress/1.21/commons-compress-1.21.jar:/Users/alinastepanova/.m2/repository/commons-lang/commons-lang/2.6/commons-lang-2.6.jar:/Users/alinastepanova/.m2/repository/com/fasterxml/jackson/core/jackson-databind/2.10.3/jackson-databind-2.10.3.jar:/Users/alinastepanova/.m2/repository/com/fasterxml/jackson/core/jackson-core/2.10.3/jackson-core-2.10.3.jar:/Users/alinastepanova/.m2/repository/org/bouncycastle/bcpkix-jdk15on/1.64/bcpkix-jdk15on-1.64.jar:/Users/alinastepanova/.m2/repository/org/bouncycastle/bcprov-jdk15on/1.64/bcprov-jdk15on-1.64.jar:/Users/alinastepanova/.m2/repository/org/slf4j/jcl-over-slf4j/1.7.30/jcl-over-slf4j-1.7.30.jar:/Users/alinastepanova/.m2/repository/com/github/docker-java/docker-java-transport-httpclient5/3.2.12/docker-java-transport-httpclient5-3.2.12.jar:/Users/alinastepanova/.m2/repository/com/github/docker-java/docker-java-transport/3.2.12/docker-java-transport-3.2.12.jar:/Users/alinastepanova/.m2/repository/org/apache/httpcomponents/client5/httpclient5/5.0.3/httpclient5-5.0.3.jar:/Users/alinastepanova/.m2/repository/org/apache/httpcomponents/core5/httpcore5/5.0.2/httpcore5-5.0.2.jar:/Users/alinastepanova/.m2/repository/commons-codec/commons-codec/1.13/commons-codec-1.13.jar:/Users/alinastepanova/.m2/repository/net/java/dev/jna/jna/5.8.0/jna-5.8.0.jar:/Users/alinastepanova/.m2/repository/com/google/guava/guava/30.1.1-jre/guava-30.1.1-jre.jar:/Users/alinastepanova/.m2/repository/com/google/guava/failureaccess/1.0.1/failureaccess-1.0.1.jar:/Users/alinastepanova/.m2/repository/com/google/guava/listenablefuture/9999.0-empty-to-avoid-conflict-with-guava/listenablefuture-9999.0-empty-to-avoid-conflict-with-guava.jar:/Users/alinastepanova/.m2/repository/com/google/code/findbugs/jsr305/3.0.2/jsr305-3.0.2.jar:/Users/alinastepanova/.m2/repository/org/checkerframework/checker-qual/3.8.0/checker-qual-3.8.0.jar:/Users/alinastepanova/.m2/repository/com/google/errorprone/error_prone_annotations/2.5.1/error_prone_annotations-2.5.1.jar:/Users/alinastepanova/.m2/repository/com/google/j2objc/j2objc-annotations/1.3/j2objc-annotations-1.3.jar:/Users/alinastepanova/.m2/repository/org/brotli/dec/0.1.2/dec-0.1.2.jar:"/>
    <property name="https.proxyPort" value="9090"/>
    <property name="java.vm.vendor" value="Oracle Corporation"/>
    <property name="sun.arch.data.model" value="64"/>
    <property name="java.vendor.url" value="https://openjdk.java.net/"/>
    <property name="user.timezone" value="Europe/Moscow"/>
    <property name="java.vm.specification.version" value="11"/>
    <property name="os.name" value="Mac OS X"/>
    <property name="sun.java.launcher" value="SUN_STANDARD"/>
    <property name="user.country" value="RU"/>
    <property name="sun.boot.library.path" value="/Library/Java/JavaVirtualMachines/jdk-11.0.12.jdk/Contents/Home/lib"/>
    <property name="sun.java.command" value="/Users/alinastepanova/Desktop/StepanovaGB/target/surefire/surefirebooter8627635789232208805.jar /Users/alinastepanova/Desktop/StepanovaGB/target/surefire 2022-02-27T18-57-31_638-jvmRun1 surefire841034214909471840tmp surefire_011164491386192106617tmp"/>
    <property name="http.nonProxyHosts" value="local|*.local|169.254/16|*.169.254/16"/>
    <property name="jdk.debug" value="release"/>
    <property name="surefire.test.class.path" value="/Users/alinastepanova/Desktop/StepanovaGB/target/test-classes:/Users/alinastepanova/Desktop/StepanovaGB/target/classes:/Users/alinastepanova/.m2/repository/org/junit/jupiter/junit-jupiter-engine/5.6.2/junit-jupiter-engine-5.6.2.jar:/Users/alinastepanova/.m2/repository/org/apiguardian/apiguardian-api/1.1.0/apiguardian-api-1.1.0.jar:/Users/alinastepanova/.m2/repository/org/junit/platform/junit-platform-engine/1.6.2/junit-platform-engine-1.6.2.jar:/Users/alinastepanova/.m2/repository/org/opentest4j/opentest4j/1.2.0/opentest4j-1.2.0.jar:/Users/alinastepanova/.m2/repository/org/junit/platform/junit-platform-commons/1.6.2/junit-platform-commons-1.6.2.jar:/Users/alinastepanova/.m2/repository/org/junit/jupiter/junit-jupiter-api/5.6.2/junit-jupiter-api-5.6.2.jar:/Users/alinastepanova/.m2/repository/org/junit/jupiter/junit-jupiter-params/5.6.2/junit-jupiter-params-5.6.2.jar:/Users/alinastepanova/.m2/repository/ch/qos/logback/logback-classic/1.2.3/logback-classic-1.2.3.jar:/Users/alinastepanova/.m2/repository/ch/qos/logback/logback-core/1.2.3/logback-core-1.2.3.jar:/Users/alinastepanova/.m2/repository/org/slf4j/slf4j-api/1.7.25/slf4j-api-1.7.25.jar:/Users/alinastepanova/.m2/repository/org/seleniumhq/selenium/selenium-java/4.0.0/selenium-java-4.0.0.jar:/Users/alinastepanova/.m2/repository/org/seleniumhq/selenium/selenium-api/4.0.0/selenium-api-4.0.0.jar:/Users/alinastepanova/.m2/repository/org/seleniumhq/selenium/selenium-chrome-driver/4.0.0/selenium-chrome-driver-4.0.0.jar:/Users/alinastepanova/.m2/repository/com/google/auto/service/auto-service-annotations/1.0/auto-service-annotations-1.0.jar:/Users/alinastepanova/.m2/repository/com/google/auto/service/auto-service/1.0/auto-service-1.0.jar:/Users/alinastepanova/.m2/repository/com/google/auto/auto-common/1.0/auto-common-1.0.jar:/Users/alinastepanova/.m2/repository/org/seleniumhq/selenium/selenium-chromium-driver/4.0.0/selenium-chromium-driver-4.0.0.jar:/Users/alinastepanova/.m2/repository/org/seleniumhq/selenium/selenium-json/4.0.0/selenium-json-4.0.0.jar:/Users/alinastepanova/.m2/repository/org/seleniumhq/selenium/selenium-devtools-v85/4.0.0/selenium-devtools-v85-4.0.0.jar:/Users/alinastepanova/.m2/repository/org/seleniumhq/selenium/selenium-devtools-v93/4.0.0/selenium-devtools-v93-4.0.0.jar:/Users/alinastepanova/.m2/repository/org/seleniumhq/selenium/selenium-devtools-v94/4.0.0/selenium-devtools-v94-4.0.0.jar:/Users/alinastepanova/.m2/repository/org/seleniumhq/selenium/selenium-devtools-v95/4.0.0/selenium-devtools-v95-4.0.0.jar:/Users/alinastepanova/.m2/repository/org/seleniumhq/selenium/selenium-edge-driver/4.0.0/selenium-edge-driver-4.0.0.jar:/Users/alinastepanova/.m2/repository/org/seleniumhq/selenium/selenium-firefox-driver/4.0.0/selenium-firefox-driver-4.0.0.jar:/Users/alinastepanova/.m2/repository/org/seleniumhq/selenium/selenium-firefox-xpi-driver/4.0.0/selenium-firefox-xpi-driver-4.0.0.jar:/Users/alinastepanova/.m2/repository/org/seleniumhq/selenium/selenium-ie-driver/4.0.0/selenium-ie-driver-4.0.0.jar:/Users/alinastepanova/.m2/repository/org/seleniumhq/selenium/selenium-opera-driver/4.0.0/selenium-opera-driver-4.0.0.jar:/Users/alinastepanova/.m2/repository/org/seleniumhq/selenium/selenium-remote-driver/4.0.0/selenium-remote-driver-4.0.0.jar:/Users/alinastepanova/.m2/repository/com/beust/jcommander/1.81/jcommander-1.81.jar:/Users/alinastepanova/.m2/repository/io/netty/netty-buffer/4.1.68.Final/netty-buffer-4.1.68.Final.jar:/Users/alinastepanova/.m2/repository/io/netty/netty-codec-http/4.1.67.Final/netty-codec-http-4.1.67.Final.jar:/Users/alinastepanova/.m2/repository/io/netty/netty-codec/4.1.67.Final/netty-codec-4.1.67.Final.jar:/Users/alinastepanova/.m2/repository/io/netty/netty-handler/4.1.67.Final/netty-handler-4.1.67.Final.jar:/Users/alinastepanova/.m2/repository/io/netty/netty-common/4.1.68.Final/netty-common-4.1.68.Final.jar:/Users/alinastepanova/.m2/repository/io/netty/netty-transport-native-epoll/4.1.67.Final/netty-transport-native-epoll-4.1.67.Final.jar:/Users/alinastepanova/.m2/repository/io/netty/netty-transport-native-kqueue/4.1.67.Final/netty-transport-native-kqueue-4.1.67.Final.jar:/Users/alinastepanova/.m2/repository/io/netty/netty-transport-native-unix-common/4.1.67.Final/netty-transport-native-unix-common-4.1.67.Final.jar:/Users/alinastepanova/.m2/repository/io/netty/netty-transport/4.1.68.Final/netty-transport-4.1.68.Final.jar:/Users/alinastepanova/.m2/repository/io/netty/netty-resolver/4.1.68.Final/netty-resolver-4.1.68.Final.jar:/Users/alinastepanova/.m2/repository/io/opentelemetry/opentelemetry-api/1.6.0/opentelemetry-api-1.6.0.jar:/Users/alinastepanova/.m2/repository/io/opentelemetry/opentelemetry-context/1.6.0/opentelemetry-context-1.6.0.jar:/Users/alinastepanova/.m2/repository/io/opentelemetry/opentelemetry-exporter-logging/1.6.0/opentelemetry-exporter-logging-1.6.0.jar:/Users/alinastepanova/.m2/repository/io/opentelemetry/opentelemetry-sdk-metrics/1.6.0-alpha/opentelemetry-sdk-metrics-1.6.0-alpha.jar:/Users/alinastepanova/.m2/repository/io/opentelemetry/opentelemetry-sdk-common/1.6.0/opentelemetry-sdk-common-1.6.0.jar:/Users/alinastepanova/.m2/repository/io/opentelemetry/opentelemetry-sdk-extension-autoconfigure-spi/1.6.0/opentelemetry-sdk-extension-autoconfigure-spi-1.6.0.jar:/Users/alinastepanova/.m2/repository/io/opentelemetry/opentelemetry-sdk-extension-autoconfigure/1.6.0-alpha/opentelemetry-sdk-extension-autoconfigure-1.6.0-alpha.jar:/Users/alinastepanova/.m2/repository/io/opentelemetry/opentelemetry-sdk-trace/1.6.0/opentelemetry-sdk-trace-1.6.0.jar:/Users/alinastepanova/.m2/repository/io/opentelemetry/opentelemetry-api-metrics/1.6.0-alpha/opentelemetry-api-metrics-1.6.0-alpha.jar:/Users/alinastepanova/.m2/repository/io/opentelemetry/opentelemetry-sdk/1.6.0/opentelemetry-sdk-1.6.0.jar:/Users/alinastepanova/.m2/repository/io/opentelemetry/opentelemetry-semconv/1.6.0-alpha/opentelemetry-semconv-1.6.0-alpha.jar:/Users/alinastepanova/.m2/repository/io/ous/jtoml/2.0.0/jtoml-2.0.0.jar:/Users/alinastepanova/.m2/repository/net/bytebuddy/byte-buddy/1.11.19/byte-buddy-1.11.19.jar:/Users/alinastepanova/.m2/repository/org/apache/commons/commons-exec/1.3/commons-exec-1.3.jar:/Users/alinastepanova/.m2/repository/org/asynchttpclient/async-http-client/2.12.3/async-http-client-2.12.3.jar:/Users/alinastepanova/.m2/repository/org/asynchttpclient/async-http-client-netty-utils/2.12.3/async-http-client-netty-utils-2.12.3.jar:/Users/alinastepanova/.m2/repository/io/netty/netty-codec-socks/4.1.60.Final/netty-codec-socks-4.1.60.Final.jar:/Users/alinastepanova/.m2/repository/io/netty/netty-handler-proxy/4.1.60.Final/netty-handler-proxy-4.1.60.Final.jar:/Users/alinastepanova/.m2/repository/io/netty/netty-transport-native-epoll/4.1.60.Final/netty-transport-native-epoll-4.1.60.Final-linux-x86_64.jar:/Users/alinastepanova/.m2/repository/io/netty/netty-transport-native-kqueue/4.1.60.Final/netty-transport-native-kqueue-4.1.60.Final-osx-x86_64.jar:/Users/alinastepanova/.m2/repository/org/reactivestreams/reactive-streams/1.0.3/reactive-streams-1.0.3.jar:/Users/alinastepanova/.m2/repository/com/typesafe/netty/netty-reactive-streams/2.0.4/netty-reactive-streams-2.0.4.jar:/Users/alinastepanova/.m2/repository/com/sun/activation/jakarta.activation/1.2.2/jakarta.activation-1.2.2.jar:/Users/alinastepanova/.m2/repository/org/seleniumhq/selenium/selenium-http/4.0.0/selenium-http-4.0.0.jar:/Users/alinastepanova/.m2/repository/org/seleniumhq/selenium/selenium-safari-driver/4.0.0/selenium-safari-driver-4.0.0.jar:/Users/alinastepanova/.m2/repository/org/seleniumhq/selenium/selenium-support/4.0.0/selenium-support-4.0.0.jar:/Users/alinastepanova/.m2/repository/io/github/bonigarcia/webdrivermanager/5.0.3/webdrivermanager-5.0.3.jar:/Users/alinastepanova/.m2/repository/com/google/code/gson/gson/2.8.8/gson-2.8.8.jar:/Users/alinastepanova/.m2/repository/org/jsoup/jsoup/1.14.2/jsoup-1.14.2.jar:/Users/alinastepanova/.m2/repository/com/github/docker-java/docker-java/3.2.12/docker-java-3.2.12.jar:/Users/alinastepanova/.m2/repository/com/github/docker-java/docker-java-core/3.2.12/docker-java-core-3.2.12.jar:/Users/alinastepanova/.m2/repository/com/github/docker-java/docker-java-api/3.2.12/docker-java-api-3.2.12.jar:/Users/alinastepanova/.m2/repository/com/fasterxml/jackson/core/jackson-annotations/2.10.3/jackson-annotations-2.10.3.jar:/Users/alinastepanova/.m2/repository/commons-io/commons-io/2.6/commons-io-2.6.jar:/Users/alinastepanova/.m2/repository/org/apache/commons/commons-compress/1.21/commons-compress-1.21.jar:/Users/alinastepanova/.m2/repository/commons-lang/commons-lang/2.6/commons-lang-2.6.jar:/Users/alinastepanova/.m2/repository/com/fasterxml/jackson/core/jackson-databind/2.10.3/jackson-databind-2.10.3.jar:/Users/alinastepanova/.m2/repository/com/fasterxml/jackson/core/jackson-core/2.10.3/jackson-core-2.10.3.jar:/Users/alinastepanova/.m2/repository/org/bouncycastle/bcpkix-jdk15on/1.64/bcpkix-jdk15on-1.64.jar:/Users/alinastepanova/.m2/repository/org/bouncycastle/bcprov-jdk15on/1.64/bcprov-jdk15on-1.64.jar:/Users/alinastepanova/.m2/repository/org/slf4j/jcl-over-slf4j/1.7.30/jcl-over-slf4j-1.7.30.jar:/Users/alinastepanova/.m2/repository/com/github/docker-java/docker-java-transport-httpclient5/3.2.12/docker-java-transport-httpclient5-3.2.12.jar:/Users/alinastepanova/.m2/repository/com/github/docker-java/docker-java-transport/3.2.12/docker-java-transport-3.2.12.jar:/Users/alinastepanova/.m2/repository/org/apache/httpcomponents/client5/httpclient5/5.0.3/httpclient5-5.0.3.jar:/Users/alinastepanova/.m2/repository/org/apache/httpcomponents/core5/httpcore5/5.0.2/httpcore5-5.0.2.jar:/Users/alinastepanova/.m2/repository/commons-codec/commons-codec/1.13/commons-codec-1.13.jar:/Users/alinastepanova/.m2/repository/net/java/dev/jna/jna/5.8.0/jna-5.8.0.jar:/Users/alinastepanova/.m2/repository/com/google/guava/guava/30.1.1-jre/guava-30.1.1-jre.jar:/Users/alinastepanova/.m2/repository/com/google/guava/failureaccess/1.0.1/failureaccess-1.0.1.jar:/Users/alinastepanova/.m2/repository/com/google/guava/listenablefuture/9999.0-empty-to-avoid-conflict-with-guava/listenablefuture-9999.0-empty-to-avoid-conflict-with-guava.jar:/Users/alinastepanova/.m2/repository/com/google/code/findbugs/jsr305/3.0.2/jsr305-3.0.2.jar:/Users/alinastepanova/.m2/repository/org/checkerframework/checker-qual/3.8.0/checker-qual-3.8.0.jar:/Users/alinastepanova/.m2/repository/com/google/errorprone/error_prone_annotations/2.5.1/error_prone_annotations-2.5.1.jar:/Users/alinastepanova/.m2/repository/com/google/j2objc/j2objc-annotations/1.3/j2objc-annotations-1.3.jar:/Users/alinastepanova/.m2/repository/org/brotli/dec/0.1.2/dec-0.1.2.jar:"/>
    <property name="sun.cpu.endian" value="little"/>
    <property name="user.home" value="/Users/alinastepanova"/>
    <property name="user.language" value="ru"/>
    <property name="java.specification.vendor" value="Oracle Corporation"/>
    <property name="java.version.date" value="2021-07-20"/>
    <property name="java.home" value="/Library/Java/JavaVirtualMachines/jdk-11.0.12.jdk/Contents/Home"/>
    <property name="file.separator" value="/"/>
    <property name="https.proxyHost" value="127.0.0.1"/>
    <property name="basedir" value="/Users/alinastepanova/Desktop/StepanovaGB"/>
    <property name="java.vm.compressedOopsMode" value="Zero based"/>
    <property name="line.separator" value="&#10;"/>
    <property name="java.specification.name" value="Java Platform API Specification"/>
    <property name="java.vm.specification.vendor" value="Oracle Corporation"/>
    <property name="java.awt.graphicsenv" value="sun.awt.CGraphicsEnvironment"/>
    <property name="surefire.real.class.path" value="/Users/alinastepanova/Desktop/StepanovaGB/target/surefire/surefirebooter8627635789232208805.jar"/>
    <property name="sun.management.compiler" value="HotSpot 64-Bit Tiered Compilers"/>
    <property name="ftp.nonProxyHosts" value="local|*.local|169.254/16|*.169.254/16"/>
    <property name="java.runtime.version" value="11.0.12+8-LTS-237"/>
    <property name="user.name" value="alinastepanova"/>
    <property name="path.separator" value=":"/>
    <property name="os.version" value="11.5"/>
    <property name="java.runtime.name" value="Java(TM) SE Runtime Environment"/>
    <property name="file.encoding" value="UTF-8"/>
    <property name="sun.nio.ch.bugLevel" value=""/>
    <property name="java.vm.name" value="Java HotSpot(TM) 64-Bit Server VM"/>
    <property name="java.vendor.version" value="18.9"/>
    <property name="localRepository" value="/Users/alinastepanova/.m2/repository"/>
    <property name="java.vendor.url.bug" value="https://bugreport.java.com/bugreport/"/>
    <property name="java.io.tmpdir" value="/var/folders/vz/g3cl2yc12mx9zwbbs20q39vw0000gn/T/"/>
    <property name="idea.version" value="2021.2.1"/>
    <property name="java.version" value="11.0.12"/>
    <property name="user.dir" value="/Users/alinastepanova/Desktop/StepanovaGB"/>
    <property name="os.arch" value="x86_64"/>
    <property name="java.vm.specification.name" value="Java Virtual Machine Specification"/>
    <property name="java.awt.printerjob" value="sun.lwawt.macosx.CPrinterJob"/>
    <property name="sun.os.patch.level" value="unknown"/>
    <property name="java.library.path" value="/Users/alinastepanova/Library/Java/Extensions:/Library/Java/Extensions:/Network/Library/Java/Extensions:/System/Library/Java/Extensions:/usr/lib/java:."/>
    <property name="java.vendor" value="Oracle Corporation"/>
    <property name="java.vm.info" value="mixed mode"/>
    <property name="java.vm.version" value="11.0.12+8-LTS-237"/>
    <property name="sun.io.unicode.encoding" value="UnicodeBig"/>
    <property name="java.class.version" value="55.0"/>
    <property name="socksNonProxyHosts" value="local|*.local|169.254/16|*.169.254/16"/>
    <property name="http.proxyPort" value="9090"/>
  </properties>
  <testcase name="createLink" classname="lesson5.CreateLinkTest" time="27.738">
    <system-out><![CDATA[18:57:33.411 [main] DEBUG io.github.bonigarcia.wdm.cache.ResolutionCache - Resolution chrome=98 in cache (valid until 19:06:04 27/02/2022 MSK)
18:57:33.414 [main] DEBUG io.github.bonigarcia.wdm.cache.ResolutionCache - Resolution chrome98=98.0.4758.102 in cache (valid until 18:06:04 28/02/2022 MSK)
18:57:33.415 [main] INFO io.github.bonigarcia.wdm.WebDriverManager - Using chromedriver 98.0.4758.102 (resolved driver for Chrome 98)
18:57:33.428 [main] DEBUG io.github.bonigarcia.wdm.WebDriverManager - Driver chromedriver 98.0.4758.102 found in cache
18:57:33.428 [main] INFO io.github.bonigarcia.wdm.WebDriverManager - Exporting webdriver.chrome.driver as /Users/alinastepanova/.cache/selenium/chromedriver/mac64/98.0.4758.102/chromedriver
18:57:33.504 [main] DEBUG io.netty.util.internal.logging.InternalLoggerFactory - Using SLF4J as the default logging framework
18:57:33.506 [main] DEBUG io.netty.util.ResourceLeakDetector - -Dio.netty.leakDetection.level: simple
18:57:33.507 [main] DEBUG io.netty.util.ResourceLeakDetector - -Dio.netty.leakDetection.targetRecords: 4
18:57:33.511 [main] DEBUG io.netty.util.ResourceLeakDetectorFactory - Loaded default ResourceLeakDetector: io.netty.util.ResourceLeakDetector@70dd7e15
18:57:33.526 [main] DEBUG io.netty.util.internal.PlatformDependent0 - -Dio.netty.noUnsafe: false
18:57:33.526 [main] DEBUG io.netty.util.internal.PlatformDependent0 - Java version: 11
18:57:33.528 [main] DEBUG io.netty.util.internal.PlatformDependent0 - sun.misc.Unsafe.theUnsafe: available
18:57:33.528 [main] DEBUG io.netty.util.internal.PlatformDependent0 - sun.misc.Unsafe.copyMemory: available
18:57:33.528 [main] DEBUG io.netty.util.internal.PlatformDependent0 - java.nio.Buffer.address: available
18:57:33.529 [main] DEBUG io.netty.util.internal.PlatformDependent0 - direct buffer constructor: unavailable: Reflective setAccessible(true) disabled
18:57:33.529 [main] DEBUG io.netty.util.internal.PlatformDependent0 - java.nio.Bits.unaligned: available, true
18:57:33.530 [main] DEBUG io.netty.util.internal.PlatformDependent0 - jdk.internal.misc.Unsafe.allocateUninitializedArray(int): unavailable: class io.netty.util.internal.PlatformDependent0$6 cannot access class jdk.internal.misc.Unsafe (in module java.base) because module java.base does not export jdk.internal.misc to unnamed module @71c5b236
18:57:33.531 [main] DEBUG io.netty.util.internal.PlatformDependent0 - java.nio.DirectByteBuffer.<init>(long, int): unavailable
18:57:33.531 [main] DEBUG io.netty.util.internal.PlatformDependent - sun.misc.Unsafe: available
18:57:33.532 [main] DEBUG io.netty.util.internal.PlatformDependent - maxDirectMemory: 4294967296 bytes (maybe)
18:57:33.532 [main] DEBUG io.netty.util.internal.PlatformDependent - -Dio.netty.tmpdir: /var/folders/vz/g3cl2yc12mx9zwbbs20q39vw0000gn/T (java.io.tmpdir)
18:57:33.532 [main] DEBUG io.netty.util.internal.PlatformDependent - -Dio.netty.bitMode: 64 (sun.arch.data.model)
18:57:33.532 [main] DEBUG io.netty.util.internal.PlatformDependent - Platform: MacOS
18:57:33.533 [main] DEBUG io.netty.util.internal.PlatformDependent - -Dio.netty.maxDirectMemory: -1 bytes
18:57:33.533 [main] DEBUG io.netty.util.internal.PlatformDependent - -Dio.netty.uninitializedArrayAllocationThreshold: -1
18:57:33.534 [main] DEBUG io.netty.util.internal.CleanerJava9 - java.nio.ByteBuffer.cleaner(): available
18:57:33.534 [main] DEBUG io.netty.util.internal.PlatformDependent - -Dio.netty.noPreferDirect: false
18:57:33.553 [main] DEBUG io.netty.util.internal.PlatformDependent - org.jctools-core.MpscChunkedArrayQueue: available
18:57:33.570 [main] DEBUG io.netty.util.internal.InternalThreadLocalMap - -Dio.netty.threadLocalMap.stringBuilder.initialSize: 1024
18:57:33.570 [main] DEBUG io.netty.util.internal.InternalThreadLocalMap - -Dio.netty.threadLocalMap.stringBuilder.maxSize: 4096
18:57:33.591 [main] DEBUG io.netty.handler.ssl.JdkSslContext - Default protocols (JDK): [TLSv1.3, TLSv1.2] 
18:57:33.591 [main] DEBUG io.netty.handler.ssl.JdkSslContext - Default cipher suites (JDK): [TLS_ECDHE_ECDSA_WITH_AES_256_GCM_SHA384, TLS_ECDHE_ECDSA_WITH_AES_128_GCM_SHA256, TLS_ECDHE_RSA_WITH_AES_128_GCM_SHA256, TLS_ECDHE_RSA_WITH_AES_256_GCM_SHA384, TLS_ECDHE_RSA_WITH_AES_128_CBC_SHA, TLS_ECDHE_RSA_WITH_AES_256_CBC_SHA, TLS_RSA_WITH_AES_128_GCM_SHA256, TLS_RSA_WITH_AES_128_CBC_SHA, TLS_RSA_WITH_AES_256_CBC_SHA, TLS_AES_128_GCM_SHA256, TLS_AES_256_GCM_SHA384]
18:57:33.611 [main] DEBUG io.netty.channel.MultithreadEventLoopGroup - -Dio.netty.eventLoopThreads: 24
18:57:33.619 [main] DEBUG io.netty.channel.nio.NioEventLoop - -Dio.netty.noKeySetOptimization: false
18:57:33.619 [main] DEBUG io.netty.channel.nio.NioEventLoop - -Dio.netty.selectorAutoRebuildThreshold: 512
18:57:33.642 [main] DEBUG io.netty.buffer.PooledByteBufAllocator - -Dio.netty.allocator.numHeapArenas: 24
18:57:33.642 [main] DEBUG io.netty.buffer.PooledByteBufAllocator - -Dio.netty.allocator.numDirectArenas: 24
18:57:33.642 [main] DEBUG io.netty.buffer.PooledByteBufAllocator - -Dio.netty.allocator.pageSize: 8192
18:57:33.642 [main] DEBUG io.netty.buffer.PooledByteBufAllocator - -Dio.netty.allocator.maxOrder: 11
18:57:33.642 [main] DEBUG io.netty.buffer.PooledByteBufAllocator - -Dio.netty.allocator.chunkSize: 16777216
18:57:33.642 [main] DEBUG io.netty.buffer.PooledByteBufAllocator - -Dio.netty.allocator.smallCacheSize: 256
18:57:33.642 [main] DEBUG io.netty.buffer.PooledByteBufAllocator - -Dio.netty.allocator.normalCacheSize: 64
18:57:33.642 [main] DEBUG io.netty.buffer.PooledByteBufAllocator - -Dio.netty.allocator.maxCachedBufferCapacity: 32768
18:57:33.642 [main] DEBUG io.netty.buffer.PooledByteBufAllocator - -Dio.netty.allocator.cacheTrimInterval: 8192
18:57:33.642 [main] DEBUG io.netty.buffer.PooledByteBufAllocator - -Dio.netty.allocator.cacheTrimIntervalMillis: 0
18:57:33.642 [main] DEBUG io.netty.buffer.PooledByteBufAllocator - -Dio.netty.allocator.useCacheForAllThreads: true
18:57:33.642 [main] DEBUG io.netty.buffer.PooledByteBufAllocator - -Dio.netty.allocator.maxCachedByteBuffersPerChunk: 1023
18:57:33.649 [main] DEBUG io.netty.buffer.ByteBufUtil - -Dio.netty.allocator.type: pooled
18:57:33.649 [main] DEBUG io.netty.buffer.ByteBufUtil - -Dio.netty.threadLocalDirectBufferSize: 0
18:57:33.649 [main] DEBUG io.netty.buffer.ByteBufUtil - -Dio.netty.maxThreadLocalCharBufferSize: 16384
18:57:33.854 [Forwarding newSession on session null to remote] DEBUG io.netty.channel.DefaultChannelId - -Dio.netty.processId: 92009 (auto-detected)
18:57:33.856 [Forwarding newSession on session null to remote] DEBUG io.netty.util.NetUtil - -Djava.net.preferIPv4Stack: false
18:57:33.856 [Forwarding newSession on session null to remote] DEBUG io.netty.util.NetUtil - -Djava.net.preferIPv6Addresses: false
18:57:33.857 [Forwarding newSession on session null to remote] DEBUG io.netty.util.NetUtilInitializations - Loopback interface: lo0 (lo0, 0:0:0:0:0:0:0:1%lo0)
18:57:33.858 [Forwarding newSession on session null to remote] DEBUG io.netty.util.NetUtil - Failed to get SOMAXCONN from sysctl and file /proc/sys/net/core/somaxconn. Default: 128
18:57:33.859 [Forwarding newSession on session null to remote] DEBUG io.netty.channel.DefaultChannelId - -Dio.netty.machineId: f8:ff:c2:ff:fe:2d:d3:f3 (auto-detected)
18:57:33.894 [AsyncHttpClient-1-2] DEBUG io.netty.buffer.AbstractByteBuf - -Dio.netty.buffer.checkAccessible: true
18:57:33.895 [AsyncHttpClient-1-2] DEBUG io.netty.buffer.AbstractByteBuf - -Dio.netty.buffer.checkBounds: true
18:57:33.895 [AsyncHttpClient-1-2] DEBUG io.netty.util.ResourceLeakDetectorFactory - Loaded default ResourceLeakDetector: io.netty.util.ResourceLeakDetector@3908638b
18:57:33.907 [AsyncHttpClient-1-2] DEBUG org.asynchttpclient.netty.channel.NettyConnectListener - Using new Channel '[id: 0xec641afe, L:/127.0.0.1:49534 - R:localhost/127.0.0.1:63415]' for 'POST' to '/session'
18:57:33.920 [AsyncHttpClient-1-2] DEBUG io.netty.util.Recycler - -Dio.netty.recycler.maxCapacityPerThread: 4096
18:57:33.920 [AsyncHttpClient-1-2] DEBUG io.netty.util.Recycler - -Dio.netty.recycler.maxSharedCapacityFactor: 2
18:57:33.920 [AsyncHttpClient-1-2] DEBUG io.netty.util.Recycler - -Dio.netty.recycler.linkCapacity: 16
18:57:33.920 [AsyncHttpClient-1-2] DEBUG io.netty.util.Recycler - -Dio.netty.recycler.ratio: 8
18:57:33.920 [AsyncHttpClient-1-2] DEBUG io.netty.util.Recycler - -Dio.netty.recycler.delayedQueue.ratio: 8
18:57:35.371 [AsyncHttpClient-1-2] DEBUG io.netty.handler.codec.compression.Brotli - brotli4j not in the classpath; Brotli support will be unavailable.
18:57:35.372 [AsyncHttpClient-1-2] DEBUG org.asynchttpclient.netty.handler.HttpHandler - 

Request DefaultHttpRequest(decodeResult: success, version: HTTP/1.1)
POST /session HTTP/1.1
User-Agent: selenium/4.0.0 (java mac)
Content-Length: 485
Content-Type: application/json; charset=utf-8
host: localhost:63415
accept: */*

Response DefaultHttpResponse(decodeResult: success, version: HTTP/1.1)
HTTP/1.1 200 OK
Content-Type: application/json; charset=utf-8
cache-control: no-cache
content-length: 800

18:57:35.380 [AsyncHttpClient-1-2] DEBUG org.asynchttpclient.netty.channel.ChannelManager - Adding key: http://localhost:63415 for channel [id: 0xec641afe, L:/127.0.0.1:49534 - R:localhost/127.0.0.1:63415]
18:57:35.507 [AsyncHttpClient-1-3] DEBUG org.asynchttpclient.netty.channel.NettyConnectListener - Using new Channel '[id: 0xb35d55d6, L:/127.0.0.1:49553 - R:localhost/127.0.0.1:49539]' for 'GET' to '/json/version'
18:57:35.518 [AsyncHttpClient-1-3] DEBUG org.asynchttpclient.netty.handler.HttpHandler - 

Request DefaultFullHttpRequest(decodeResult: success, version: HTTP/1.1, content: EmptyByteBufBE)
GET /json/version HTTP/1.1
User-Agent: selenium/4.0.0 (java mac)
host: localhost:49539
accept: */*

Response DefaultHttpResponse(decodeResult: success, version: HTTP/1.1)
HTTP/1.1 200 OK
Content-Type: application/json; charset=UTF-8
content-length: 424

18:57:35.518 [AsyncHttpClient-1-3] DEBUG org.asynchttpclient.netty.channel.ChannelManager - Adding key: http://localhost:49539 for channel [id: 0xb35d55d6, L:/127.0.0.1:49553 - R:localhost/127.0.0.1:49539]
18:57:35.528 [main] DEBUG io.netty.util.internal.ThreadLocalRandom - -Dio.netty.initialSeedUniquifier: 0xfc4185834f5608b6
18:57:35.534 [AsyncHttpClient-1-4] DEBUG org.asynchttpclient.netty.channel.NettyConnectListener - Using new Channel '[id: 0x983f230a, L:/127.0.0.1:49554 - R:localhost/127.0.0.1:49539]' for 'GET' to '/devtools/browser/89dc1f83-f398-41dd-b337-f4b68010bea7'
18:57:35.545 [AsyncHttpClient-1-4] DEBUG org.asynchttpclient.netty.handler.WebSocketHandler - 

Request DefaultFullHttpRequest(decodeResult: success, version: HTTP/1.1, content: EmptyByteBufBE)
GET /devtools/browser/89dc1f83-f398-41dd-b337-f4b68010bea7 HTTP/1.1
upgrade: websocket
connection: upgrade
sec-websocket-key: F7EZVIS9AYIBlqhb69492g==
sec-websocket-version: 13
origin: http://localhost:49539
host: localhost:49539
accept: */*
user-agent: AHC/2.1

Response DefaultHttpResponse(decodeResult: success, version: HTTP/1.1)
HTTP/1.1 101 WebSocket Protocol Handshake
Upgrade: WebSocket
Connection: Upgrade
Sec-WebSocket-Accept: Yc5LDk8ceCqMMtm895DAR5BY+e0=

18:57:35.579 [Forwarding maximizeCurrentWindow on session 3e9ebe3281bc85d7e95048aceb6fd185 to remote] DEBUG org.asynchttpclient.netty.request.NettyRequestSender - Using pooled Channel '[id: 0xec641afe, L:/127.0.0.1:49534 - R:localhost/127.0.0.1:63415]' for 'POST' to 'http://localhost:63415/session/3e9ebe3281bc85d7e95048aceb6fd185/window/maximize'
18:57:35.579 [Forwarding maximizeCurrentWindow on session 3e9ebe3281bc85d7e95048aceb6fd185 to remote] DEBUG org.asynchttpclient.netty.request.NettyRequestSender - Using open Channel [id: 0xec641afe, L:/127.0.0.1:49534 - R:localhost/127.0.0.1:63415] for POST '/session/3e9ebe3281bc85d7e95048aceb6fd185/window/maximize'
18:57:35.707 [AsyncHttpClient-1-2] DEBUG org.asynchttpclient.netty.handler.HttpHandler - 

Request DefaultHttpRequest(decodeResult: success, version: HTTP/1.1)
POST /session/3e9ebe3281bc85d7e95048aceb6fd185/window/maximize HTTP/1.1
User-Agent: selenium/4.0.0 (java mac)
Content-Length: 3
Content-Type: application/json; charset=utf-8
host: localhost:63415
accept: */*

Response DefaultHttpResponse(decodeResult: success, version: HTTP/1.1)
HTTP/1.1 200 OK
Content-Type: application/json; charset=utf-8
cache-control: no-cache
content-length: 51

18:57:35.707 [AsyncHttpClient-1-2] DEBUG org.asynchttpclient.netty.channel.ChannelManager - Adding key: http://localhost:63415 for channel [id: 0xec641afe, L:/127.0.0.1:49534 - R:localhost/127.0.0.1:63415]
18:57:35.710 [Forwarding setTimeout on session 3e9ebe3281bc85d7e95048aceb6fd185 to remote] DEBUG org.asynchttpclient.netty.request.NettyRequestSender - Using pooled Channel '[id: 0xec641afe, L:/127.0.0.1:49534 - R:localhost/127.0.0.1:63415]' for 'POST' to 'http://localhost:63415/session/3e9ebe3281bc85d7e95048aceb6fd185/timeouts'
18:57:35.710 [Forwarding setTimeout on session 3e9ebe3281bc85d7e95048aceb6fd185 to remote] DEBUG org.asynchttpclient.netty.request.NettyRequestSender - Using open Channel [id: 0xec641afe, L:/127.0.0.1:49534 - R:localhost/127.0.0.1:63415] for POST '/session/3e9ebe3281bc85d7e95048aceb6fd185/timeouts'
18:57:35.711 [AsyncHttpClient-1-2] DEBUG org.asynchttpclient.netty.handler.HttpHandler - 

Request DefaultHttpRequest(decodeResult: success, version: HTTP/1.1)
POST /session/3e9ebe3281bc85d7e95048aceb6fd185/timeouts HTTP/1.1
User-Agent: selenium/4.0.0 (java mac)
Content-Length: 23
Content-Type: application/json; charset=utf-8
host: localhost:63415
accept: */*

Response DefaultHttpResponse(decodeResult: success, version: HTTP/1.1)
HTTP/1.1 200 OK
Content-Type: application/json; charset=utf-8
cache-control: no-cache
content-length: 14

18:57:35.711 [AsyncHttpClient-1-2] DEBUG org.asynchttpclient.netty.channel.ChannelManager - Adding key: http://localhost:63415 for channel [id: 0xec641afe, L:/127.0.0.1:49534 - R:localhost/127.0.0.1:63415]
18:57:35.722 [Forwarding get on session 3e9ebe3281bc85d7e95048aceb6fd185 to remote] DEBUG org.asynchttpclient.netty.request.NettyRequestSender - Using pooled Channel '[id: 0xec641afe, L:/127.0.0.1:49534 - R:localhost/127.0.0.1:63415]' for 'POST' to 'http://localhost:63415/session/3e9ebe3281bc85d7e95048aceb6fd185/url'
18:57:35.722 [Forwarding get on session 3e9ebe3281bc85d7e95048aceb6fd185 to remote] DEBUG org.asynchttpclient.netty.request.NettyRequestSender - Using open Channel [id: 0xec641afe, L:/127.0.0.1:49534 - R:localhost/127.0.0.1:63415] for POST '/session/3e9ebe3281bc85d7e95048aceb6fd185/url'
18:57:35.760 [AsyncHttpClient-1-1] DEBUG org.asynchttpclient.netty.channel.DefaultChannelPool - Entry count for : http://localhost:49539 : 1
18:57:36.862 [AsyncHttpClient-1-1] DEBUG org.asynchttpclient.netty.channel.DefaultChannelPool - Entry count for : http://localhost:49539 : 1
18:57:37.960 [AsyncHttpClient-1-1] DEBUG org.asynchttpclient.netty.channel.DefaultChannelPool - Entry count for : http://localhost:49539 : 1
18:57:39.062 [AsyncHttpClient-1-1] DEBUG org.asynchttpclient.netty.channel.DefaultChannelPool - Entry count for : http://localhost:49539 : 1
18:57:40.163 [AsyncHttpClient-1-1] DEBUG org.asynchttpclient.netty.channel.DefaultChannelPool - Entry count for : http://localhost:49539 : 1
18:57:41.263 [AsyncHttpClient-1-1] DEBUG org.asynchttpclient.netty.channel.DefaultChannelPool - Entry count for : http://localhost:49539 : 1
18:57:42.363 [AsyncHttpClient-1-1] DEBUG org.asynchttpclient.netty.channel.DefaultChannelPool - Entry count for : http://localhost:49539 : 1
18:57:42.546 [AsyncHttpClient-1-2] DEBUG org.asynchttpclient.netty.handler.HttpHandler - 

Request DefaultHttpRequest(decodeResult: success, version: HTTP/1.1)
POST /session/3e9ebe3281bc85d7e95048aceb6fd185/url HTTP/1.1
User-Agent: selenium/4.0.0 (java mac)
Content-Length: 88
Content-Type: application/json; charset=utf-8
host: localhost:63415
accept: */*

Response DefaultHttpResponse(decodeResult: success, version: HTTP/1.1)
HTTP/1.1 200 OK
Content-Type: application/json; charset=utf-8
cache-control: no-cache
content-length: 14

18:57:42.546 [AsyncHttpClient-1-2] DEBUG org.asynchttpclient.netty.channel.ChannelManager - Adding key: http://localhost:63415 for channel [id: 0xec641afe, L:/127.0.0.1:49534 - R:localhost/127.0.0.1:63415]
18:57:42.555 [Forwarding findElement on session 3e9ebe3281bc85d7e95048aceb6fd185 to remote] DEBUG org.asynchttpclient.netty.request.NettyRequestSender - Using pooled Channel '[id: 0xec641afe, L:/127.0.0.1:49534 - R:localhost/127.0.0.1:63415]' for 'POST' to 'http://localhost:63415/session/3e9ebe3281bc85d7e95048aceb6fd185/element'
18:57:42.555 [Forwarding findElement on session 3e9ebe3281bc85d7e95048aceb6fd185 to remote] DEBUG org.asynchttpclient.netty.request.NettyRequestSender - Using open Channel [id: 0xec641afe, L:/127.0.0.1:49534 - R:localhost/127.0.0.1:63415] for POST '/session/3e9ebe3281bc85d7e95048aceb6fd185/element'
18:57:42.572 [AsyncHttpClient-1-2] DEBUG org.asynchttpclient.netty.handler.HttpHandler - 

Request DefaultHttpRequest(decodeResult: success, version: HTTP/1.1)
POST /session/3e9ebe3281bc85d7e95048aceb6fd185/element HTTP/1.1
User-Agent: selenium/4.0.0 (java mac)
Content-Length: 74
Content-Type: application/json; charset=utf-8
host: localhost:63415
accept: */*

Response DefaultHttpResponse(decodeResult: success, version: HTTP/1.1)
HTTP/1.1 200 OK
Content-Type: application/json; charset=utf-8
cache-control: no-cache
content-length: 88

18:57:42.573 [AsyncHttpClient-1-2] DEBUG org.asynchttpclient.netty.channel.ChannelManager - Adding key: http://localhost:63415 for channel [id: 0xec641afe, L:/127.0.0.1:49534 - R:localhost/127.0.0.1:63415]
18:57:42.581 [Forwarding findElement on session 3e9ebe3281bc85d7e95048aceb6fd185 to remote] DEBUG org.asynchttpclient.netty.request.NettyRequestSender - Using pooled Channel '[id: 0xec641afe, L:/127.0.0.1:49534 - R:localhost/127.0.0.1:63415]' for 'POST' to 'http://localhost:63415/session/3e9ebe3281bc85d7e95048aceb6fd185/element'
18:57:42.581 [Forwarding findElement on session 3e9ebe3281bc85d7e95048aceb6fd185 to remote] DEBUG org.asynchttpclient.netty.request.NettyRequestSender - Using open Channel [id: 0xec641afe, L:/127.0.0.1:49534 - R:localhost/127.0.0.1:63415] for POST '/session/3e9ebe3281bc85d7e95048aceb6fd185/element'
18:57:42.592 [AsyncHttpClient-1-2] DEBUG org.asynchttpclient.netty.handler.HttpHandler - 

Request DefaultHttpRequest(decodeResult: success, version: HTTP/1.1)
POST /session/3e9ebe3281bc85d7e95048aceb6fd185/element HTTP/1.1
User-Agent: selenium/4.0.0 (java mac)
Content-Length: 78
Content-Type: application/json; charset=utf-8
host: localhost:63415
accept: */*

Response DefaultHttpResponse(decodeResult: success, version: HTTP/1.1)
HTTP/1.1 200 OK
Content-Type: application/json; charset=utf-8
cache-control: no-cache
content-length: 88

18:57:42.593 [AsyncHttpClient-1-2] DEBUG org.asynchttpclient.netty.channel.ChannelManager - Adding key: http://localhost:63415 for channel [id: 0xec641afe, L:/127.0.0.1:49534 - R:localhost/127.0.0.1:63415]
18:57:42.601 [Forwarding findElement on session 3e9ebe3281bc85d7e95048aceb6fd185 to remote] DEBUG org.asynchttpclient.netty.request.NettyRequestSender - Using pooled Channel '[id: 0xec641afe, L:/127.0.0.1:49534 - R:localhost/127.0.0.1:63415]' for 'POST' to 'http://localhost:63415/session/3e9ebe3281bc85d7e95048aceb6fd185/element'
18:57:42.601 [Forwarding findElement on session 3e9ebe3281bc85d7e95048aceb6fd185 to remote] DEBUG org.asynchttpclient.netty.request.NettyRequestSender - Using open Channel [id: 0xec641afe, L:/127.0.0.1:49534 - R:localhost/127.0.0.1:63415] for POST '/session/3e9ebe3281bc85d7e95048aceb6fd185/element'
18:57:42.621 [AsyncHttpClient-1-2] DEBUG org.asynchttpclient.netty.handler.HttpHandler - 

Request DefaultHttpRequest(decodeResult: success, version: HTTP/1.1)
POST /session/3e9ebe3281bc85d7e95048aceb6fd185/element HTTP/1.1
User-Agent: selenium/4.0.0 (java mac)
Content-Length: 62
Content-Type: application/json; charset=utf-8
host: localhost:63415
accept: */*

Response DefaultHttpResponse(decodeResult: success, version: HTTP/1.1)
HTTP/1.1 200 OK
Content-Type: application/json; charset=utf-8
cache-control: no-cache
content-length: 88

18:57:42.621 [AsyncHttpClient-1-2] DEBUG org.asynchttpclient.netty.channel.ChannelManager - Adding key: http://localhost:63415 for channel [id: 0xec641afe, L:/127.0.0.1:49534 - R:localhost/127.0.0.1:63415]
18:57:42.657 [Forwarding actions on session 3e9ebe3281bc85d7e95048aceb6fd185 to remote] DEBUG org.asynchttpclient.netty.request.NettyRequestSender - Using pooled Channel '[id: 0xec641afe, L:/127.0.0.1:49534 - R:localhost/127.0.0.1:63415]' for 'POST' to 'http://localhost:63415/session/3e9ebe3281bc85d7e95048aceb6fd185/actions'
18:57:42.657 [Forwarding actions on session 3e9ebe3281bc85d7e95048aceb6fd185 to remote] DEBUG org.asynchttpclient.netty.request.NettyRequestSender - Using open Channel [id: 0xec641afe, L:/127.0.0.1:49534 - R:localhost/127.0.0.1:63415] for POST '/session/3e9ebe3281bc85d7e95048aceb6fd185/actions'
18:57:43.330 [AsyncHttpClient-1-2] DEBUG org.asynchttpclient.netty.handler.HttpHandler - 

Request DefaultHttpRequest(decodeResult: success, version: HTTP/1.1)
POST /session/3e9ebe3281bc85d7e95048aceb6fd185/actions HTTP/1.1
User-Agent: selenium/4.0.0 (java mac)
Content-Length: 9478
Content-Type: application/json; charset=utf-8
host: localhost:63415
accept: */*

Response DefaultHttpResponse(decodeResult: success, version: HTTP/1.1)
HTTP/1.1 200 OK
Content-Type: application/json; charset=utf-8
cache-control: no-cache
content-length: 14

18:57:43.331 [AsyncHttpClient-1-2] DEBUG org.asynchttpclient.netty.channel.ChannelManager - Adding key: http://localhost:63415 for channel [id: 0xec641afe, L:/127.0.0.1:49534 - R:localhost/127.0.0.1:63415]
18:57:43.332 [Forwarding findElement on session 3e9ebe3281bc85d7e95048aceb6fd185 to remote] DEBUG org.asynchttpclient.netty.request.NettyRequestSender - Using pooled Channel '[id: 0xec641afe, L:/127.0.0.1:49534 - R:localhost/127.0.0.1:63415]' for 'POST' to 'http://localhost:63415/session/3e9ebe3281bc85d7e95048aceb6fd185/element'
18:57:43.333 [Forwarding findElement on session 3e9ebe3281bc85d7e95048aceb6fd185 to remote] DEBUG org.asynchttpclient.netty.request.NettyRequestSender - Using open Channel [id: 0xec641afe, L:/127.0.0.1:49534 - R:localhost/127.0.0.1:63415] for POST '/session/3e9ebe3281bc85d7e95048aceb6fd185/element'
18:57:43.459 [AsyncHttpClient-1-1] DEBUG org.asynchttpclient.netty.channel.DefaultChannelPool - Entry count for : http://localhost:49539 : 1
18:57:44.563 [AsyncHttpClient-1-1] DEBUG org.asynchttpclient.netty.channel.DefaultChannelPool - Entry count for : http://localhost:49539 : 1
18:57:45.659 [AsyncHttpClient-1-1] DEBUG org.asynchttpclient.netty.channel.DefaultChannelPool - Entry count for : http://localhost:49539 : 1
18:57:46.762 [AsyncHttpClient-1-1] DEBUG org.asynchttpclient.netty.channel.DefaultChannelPool - Entry count for : http://localhost:49539 : 1
18:57:47.863 [AsyncHttpClient-1-1] DEBUG org.asynchttpclient.netty.channel.DefaultChannelPool - Entry count for : http://localhost:49539 : 1
18:57:48.960 [AsyncHttpClient-1-1] DEBUG org.asynchttpclient.netty.channel.DefaultChannelPool - Entry count for : http://localhost:49539 : 1
18:57:50.059 [AsyncHttpClient-1-1] DEBUG org.asynchttpclient.netty.channel.DefaultChannelPool - Entry count for : http://localhost:49539 : 1
18:57:51.159 [AsyncHttpClient-1-1] DEBUG org.asynchttpclient.netty.channel.DefaultChannelPool - Entry count for : http://localhost:49539 : 1
18:57:52.260 [AsyncHttpClient-1-1] DEBUG org.asynchttpclient.netty.channel.DefaultChannelPool - Entry count for : http://localhost:49539 : 1
18:57:53.359 [AsyncHttpClient-1-1] DEBUG org.asynchttpclient.netty.channel.DefaultChannelPool - Entry count for : http://localhost:49539 : 1
18:57:54.462 [AsyncHttpClient-1-1] DEBUG org.asynchttpclient.netty.channel.DefaultChannelPool - Entry count for : http://localhost:49539 : 1
18:57:55.562 [AsyncHttpClient-1-1] DEBUG org.asynchttpclient.netty.channel.DefaultChannelPool - Entry count for : http://localhost:49539 : 1
18:57:56.052 [AsyncHttpClient-1-2] DEBUG org.asynchttpclient.netty.handler.HttpHandler - 

Request DefaultHttpRequest(decodeResult: success, version: HTTP/1.1)
POST /session/3e9ebe3281bc85d7e95048aceb6fd185/element HTTP/1.1
User-Agent: selenium/4.0.0 (java mac)
Content-Length: 114
Content-Type: application/json; charset=utf-8
host: localhost:63415
accept: */*

Response DefaultHttpResponse(decodeResult: success, version: HTTP/1.1)
HTTP/1.1 200 OK
Content-Type: application/json; charset=utf-8
cache-control: no-cache
content-length: 88

18:57:56.052 [AsyncHttpClient-1-2] DEBUG org.asynchttpclient.netty.channel.ChannelManager - Adding key: http://localhost:63415 for channel [id: 0xec641afe, L:/127.0.0.1:49534 - R:localhost/127.0.0.1:63415]
18:57:56.055 [Forwarding actions on session 3e9ebe3281bc85d7e95048aceb6fd185 to remote] DEBUG org.asynchttpclient.netty.request.NettyRequestSender - Using pooled Channel '[id: 0xec641afe, L:/127.0.0.1:49534 - R:localhost/127.0.0.1:63415]' for 'POST' to 'http://localhost:63415/session/3e9ebe3281bc85d7e95048aceb6fd185/actions'
18:57:56.055 [Forwarding actions on session 3e9ebe3281bc85d7e95048aceb6fd185 to remote] DEBUG org.asynchttpclient.netty.request.NettyRequestSender - Using open Channel [id: 0xec641afe, L:/127.0.0.1:49534 - R:localhost/127.0.0.1:63415] for POST '/session/3e9ebe3281bc85d7e95048aceb6fd185/actions'
18:57:56.170 [AsyncHttpClient-1-2] DEBUG org.asynchttpclient.netty.handler.HttpHandler - 

Request DefaultHttpRequest(decodeResult: success, version: HTTP/1.1)
POST /session/3e9ebe3281bc85d7e95048aceb6fd185/actions HTTP/1.1
User-Agent: selenium/4.0.0 (java mac)
Content-Length: 480
Content-Type: application/json; charset=utf-8
host: localhost:63415
accept: */*

Response DefaultHttpResponse(decodeResult: success, version: HTTP/1.1)
HTTP/1.1 200 OK
Content-Type: application/json; charset=utf-8
cache-control: no-cache
content-length: 14

18:57:56.170 [AsyncHttpClient-1-2] DEBUG org.asynchttpclient.netty.channel.ChannelManager - Adding key: http://localhost:63415 for channel [id: 0xec641afe, L:/127.0.0.1:49534 - R:localhost/127.0.0.1:63415]
18:57:56.171 [Forwarding findElement on session 3e9ebe3281bc85d7e95048aceb6fd185 to remote] DEBUG org.asynchttpclient.netty.request.NettyRequestSender - Using pooled Channel '[id: 0xec641afe, L:/127.0.0.1:49534 - R:localhost/127.0.0.1:63415]' for 'POST' to 'http://localhost:63415/session/3e9ebe3281bc85d7e95048aceb6fd185/element'
18:57:56.171 [Forwarding findElement on session 3e9ebe3281bc85d7e95048aceb6fd185 to remote] DEBUG org.asynchttpclient.netty.request.NettyRequestSender - Using open Channel [id: 0xec641afe, L:/127.0.0.1:49534 - R:localhost/127.0.0.1:63415] for POST '/session/3e9ebe3281bc85d7e95048aceb6fd185/element'
18:57:56.180 [AsyncHttpClient-1-2] DEBUG org.asynchttpclient.netty.handler.HttpHandler - 

Request DefaultHttpRequest(decodeResult: success, version: HTTP/1.1)
POST /session/3e9ebe3281bc85d7e95048aceb6fd185/element HTTP/1.1
User-Agent: selenium/4.0.0 (java mac)
Content-Length: 110
Content-Type: application/json; charset=utf-8
host: localhost:63415
accept: */*

Response DefaultHttpResponse(decodeResult: success, version: HTTP/1.1)
HTTP/1.1 200 OK
Content-Type: application/json; charset=utf-8
cache-control: no-cache
content-length: 88

18:57:56.180 [AsyncHttpClient-1-2] DEBUG org.asynchttpclient.netty.channel.ChannelManager - Adding key: http://localhost:63415 for channel [id: 0xec641afe, L:/127.0.0.1:49534 - R:localhost/127.0.0.1:63415]
18:57:56.183 [Forwarding actions on session 3e9ebe3281bc85d7e95048aceb6fd185 to remote] DEBUG org.asynchttpclient.netty.request.NettyRequestSender - Using pooled Channel '[id: 0xec641afe, L:/127.0.0.1:49534 - R:localhost/127.0.0.1:63415]' for 'POST' to 'http://localhost:63415/session/3e9ebe3281bc85d7e95048aceb6fd185/actions'
18:57:56.183 [Forwarding actions on session 3e9ebe3281bc85d7e95048aceb6fd185 to remote] DEBUG org.asynchttpclient.netty.request.NettyRequestSender - Using open Channel [id: 0xec641afe, L:/127.0.0.1:49534 - R:localhost/127.0.0.1:63415] for POST '/session/3e9ebe3281bc85d7e95048aceb6fd185/actions'
18:57:56.663 [AsyncHttpClient-1-1] DEBUG org.asynchttpclient.netty.channel.DefaultChannelPool - Entry count for : http://localhost:49539 : 1
18:57:57.759 [AsyncHttpClient-1-1] DEBUG org.asynchttpclient.netty.channel.DefaultChannelPool - Entry count for : http://localhost:49539 : 1
18:57:58.861 [AsyncHttpClient-1-1] DEBUG org.asynchttpclient.netty.channel.DefaultChannelPool - Entry count for : http://localhost:49539 : 1
18:57:59.962 [AsyncHttpClient-1-1] DEBUG org.asynchttpclient.netty.channel.DefaultChannelPool - Entry count for : http://localhost:49539 : 1
18:58:01.062 [AsyncHttpClient-1-1] DEBUG org.asynchttpclient.netty.channel.DefaultChannelPool - Entry count for : http://localhost:49539 : 1
18:58:01.156 [AsyncHttpClient-1-2] DEBUG org.asynchttpclient.netty.handler.HttpHandler - 

Request DefaultHttpRequest(decodeResult: success, version: HTTP/1.1)
POST /session/3e9ebe3281bc85d7e95048aceb6fd185/actions HTTP/1.1
User-Agent: selenium/4.0.0 (java mac)
Content-Length: 630
Content-Type: application/json; charset=utf-8
host: localhost:63415
accept: */*

Response DefaultHttpResponse(decodeResult: success, version: HTTP/1.1)
HTTP/1.1 200 OK
Content-Type: application/json; charset=utf-8
cache-control: no-cache
content-length: 14

18:58:01.156 [AsyncHttpClient-1-2] DEBUG org.asynchttpclient.netty.channel.ChannelManager - Adding key: http://localhost:63415 for channel [id: 0xec641afe, L:/127.0.0.1:49534 - R:localhost/127.0.0.1:63415]
18:58:01.158 [Forwarding findElement on session 3e9ebe3281bc85d7e95048aceb6fd185 to remote] DEBUG org.asynchttpclient.netty.request.NettyRequestSender - Using pooled Channel '[id: 0xec641afe, L:/127.0.0.1:49534 - R:localhost/127.0.0.1:63415]' for 'POST' to 'http://localhost:63415/session/3e9ebe3281bc85d7e95048aceb6fd185/element'
18:58:01.158 [Forwarding findElement on session 3e9ebe3281bc85d7e95048aceb6fd185 to remote] DEBUG org.asynchttpclient.netty.request.NettyRequestSender - Using open Channel [id: 0xec641afe, L:/127.0.0.1:49534 - R:localhost/127.0.0.1:63415] for POST '/session/3e9ebe3281bc85d7e95048aceb6fd185/element'
18:58:01.166 [AsyncHttpClient-1-2] DEBUG org.asynchttpclient.netty.handler.HttpHandler - 

Request DefaultHttpRequest(decodeResult: success, version: HTTP/1.1)
POST /session/3e9ebe3281bc85d7e95048aceb6fd185/element HTTP/1.1
User-Agent: selenium/4.0.0 (java mac)
Content-Length: 53
Content-Type: application/json; charset=utf-8
host: localhost:63415
accept: */*

Response DefaultHttpResponse(decodeResult: success, version: HTTP/1.1)
HTTP/1.1 200 OK
Content-Type: application/json; charset=utf-8
cache-control: no-cache
content-length: 88

18:58:01.166 [AsyncHttpClient-1-2] DEBUG org.asynchttpclient.netty.channel.ChannelManager - Adding key: http://localhost:63415 for channel [id: 0xec641afe, L:/127.0.0.1:49534 - R:localhost/127.0.0.1:63415]
18:58:01.168 [Forwarding findElement on session 3e9ebe3281bc85d7e95048aceb6fd185 to remote] DEBUG org.asynchttpclient.netty.request.NettyRequestSender - Using pooled Channel '[id: 0xec641afe, L:/127.0.0.1:49534 - R:localhost/127.0.0.1:63415]' for 'POST' to 'http://localhost:63415/session/3e9ebe3281bc85d7e95048aceb6fd185/element'
18:58:01.168 [Forwarding findElement on session 3e9ebe3281bc85d7e95048aceb6fd185 to remote] DEBUG org.asynchttpclient.netty.request.NettyRequestSender - Using open Channel [id: 0xec641afe, L:/127.0.0.1:49534 - R:localhost/127.0.0.1:63415] for POST '/session/3e9ebe3281bc85d7e95048aceb6fd185/element'
18:58:01.175 [AsyncHttpClient-1-2] DEBUG org.asynchttpclient.netty.handler.HttpHandler - 

Request DefaultHttpRequest(decodeResult: success, version: HTTP/1.1)
POST /session/3e9ebe3281bc85d7e95048aceb6fd185/element HTTP/1.1
User-Agent: selenium/4.0.0 (java mac)
Content-Length: 131
Content-Type: application/json; charset=utf-8
host: localhost:63415
accept: */*

Response DefaultHttpResponse(decodeResult: success, version: HTTP/1.1)
HTTP/1.1 200 OK
Content-Type: application/json; charset=utf-8
cache-control: no-cache
content-length: 88

18:58:01.176 [AsyncHttpClient-1-2] DEBUG org.asynchttpclient.netty.channel.ChannelManager - Adding key: http://localhost:63415 for channel [id: 0xec641afe, L:/127.0.0.1:49534 - R:localhost/127.0.0.1:63415]
18:58:01.177 [Forwarding findElement on session 3e9ebe3281bc85d7e95048aceb6fd185 to remote] DEBUG org.asynchttpclient.netty.request.NettyRequestSender - Using pooled Channel '[id: 0xec641afe, L:/127.0.0.1:49534 - R:localhost/127.0.0.1:63415]' for 'POST' to 'http://localhost:63415/session/3e9ebe3281bc85d7e95048aceb6fd185/element'
18:58:01.177 [Forwarding findElement on session 3e9ebe3281bc85d7e95048aceb6fd185 to remote] DEBUG org.asynchttpclient.netty.request.NettyRequestSender - Using open Channel [id: 0xec641afe, L:/127.0.0.1:49534 - R:localhost/127.0.0.1:63415] for POST '/session/3e9ebe3281bc85d7e95048aceb6fd185/element'
18:58:01.184 [AsyncHttpClient-1-2] DEBUG org.asynchttpclient.netty.handler.HttpHandler - 

Request DefaultHttpRequest(decodeResult: success, version: HTTP/1.1)
POST /session/3e9ebe3281bc85d7e95048aceb6fd185/element HTTP/1.1
User-Agent: selenium/4.0.0 (java mac)
Content-Length: 75
Content-Type: application/json; charset=utf-8
host: localhost:63415
accept: */*

Response DefaultHttpResponse(decodeResult: success, version: HTTP/1.1)
HTTP/1.1 200 OK
Content-Type: application/json; charset=utf-8
cache-control: no-cache
content-length: 88

18:58:01.184 [AsyncHttpClient-1-2] DEBUG org.asynchttpclient.netty.channel.ChannelManager - Adding key: http://localhost:63415 for channel [id: 0xec641afe, L:/127.0.0.1:49534 - R:localhost/127.0.0.1:63415]
18:58:01.198 [Forwarding actions on session 3e9ebe3281bc85d7e95048aceb6fd185 to remote] DEBUG org.asynchttpclient.netty.request.NettyRequestSender - Using pooled Channel '[id: 0xec641afe, L:/127.0.0.1:49534 - R:localhost/127.0.0.1:63415]' for 'POST' to 'http://localhost:63415/session/3e9ebe3281bc85d7e95048aceb6fd185/actions'
18:58:01.198 [Forwarding actions on session 3e9ebe3281bc85d7e95048aceb6fd185 to remote] DEBUG org.asynchttpclient.netty.request.NettyRequestSender - Using open Channel [id: 0xec641afe, L:/127.0.0.1:49534 - R:localhost/127.0.0.1:63415] for POST '/session/3e9ebe3281bc85d7e95048aceb6fd185/actions'
18:58:01.761 [AsyncHttpClient-1-2] DEBUG org.asynchttpclient.netty.handler.HttpHandler - 

Request DefaultHttpRequest(decodeResult: success, version: HTTP/1.1)
POST /session/3e9ebe3281bc85d7e95048aceb6fd185/actions HTTP/1.1
User-Agent: selenium/4.0.0 (java mac)
Content-Length: 8350
Content-Type: application/json; charset=utf-8
host: localhost:63415
accept: */*

Response DefaultHttpResponse(decodeResult: success, version: HTTP/1.1)
HTTP/1.1 200 OK
Content-Type: application/json; charset=utf-8
cache-control: no-cache
content-length: 14

18:58:01.761 [AsyncHttpClient-1-2] DEBUG org.asynchttpclient.netty.channel.ChannelManager - Adding key: http://localhost:63415 for channel [id: 0xec641afe, L:/127.0.0.1:49534 - R:localhost/127.0.0.1:63415]
18:58:01.765 [Forwarding findElement on session 3e9ebe3281bc85d7e95048aceb6fd185 to remote] DEBUG org.asynchttpclient.netty.request.NettyRequestSender - Using pooled Channel '[id: 0xec641afe, L:/127.0.0.1:49534 - R:localhost/127.0.0.1:63415]' for 'POST' to 'http://localhost:63415/session/3e9ebe3281bc85d7e95048aceb6fd185/element'
18:58:01.765 [Forwarding findElement on session 3e9ebe3281bc85d7e95048aceb6fd185 to remote] DEBUG org.asynchttpclient.netty.request.NettyRequestSender - Using open Channel [id: 0xec641afe, L:/127.0.0.1:49534 - R:localhost/127.0.0.1:63415] for POST '/session/3e9ebe3281bc85d7e95048aceb6fd185/element'
18:58:01.775 [AsyncHttpClient-1-2] DEBUG org.asynchttpclient.netty.handler.HttpHandler - 

Request DefaultHttpRequest(decodeResult: success, version: HTTP/1.1)
POST /session/3e9ebe3281bc85d7e95048aceb6fd185/element HTTP/1.1
User-Agent: selenium/4.0.0 (java mac)
Content-Length: 85
Content-Type: application/json; charset=utf-8
host: localhost:63415
accept: */*

Response DefaultHttpResponse(decodeResult: success, version: HTTP/1.1)
HTTP/1.1 200 OK
Content-Type: application/json; charset=utf-8
cache-control: no-cache
content-length: 88

18:58:01.776 [AsyncHttpClient-1-2] DEBUG org.asynchttpclient.netty.channel.ChannelManager - Adding key: http://localhost:63415 for channel [id: 0xec641afe, L:/127.0.0.1:49534 - R:localhost/127.0.0.1:63415]
18:58:01.787 [Forwarding isElementDisplayed on session 3e9ebe3281bc85d7e95048aceb6fd185 to remote] DEBUG org.asynchttpclient.netty.request.NettyRequestSender - Using pooled Channel '[id: 0xec641afe, L:/127.0.0.1:49534 - R:localhost/127.0.0.1:63415]' for 'POST' to 'http://localhost:63415/session/3e9ebe3281bc85d7e95048aceb6fd185/execute/sync'
18:58:01.787 [Forwarding isElementDisplayed on session 3e9ebe3281bc85d7e95048aceb6fd185 to remote] DEBUG org.asynchttpclient.netty.request.NettyRequestSender - Using open Channel [id: 0xec641afe, L:/127.0.0.1:49534 - R:localhost/127.0.0.1:63415] for POST '/session/3e9ebe3281bc85d7e95048aceb6fd185/execute/sync'
18:58:01.799 [AsyncHttpClient-1-2] DEBUG org.asynchttpclient.netty.handler.HttpHandler - 

Request DefaultHttpRequest(decodeResult: success, version: HTTP/1.1)
POST /session/3e9ebe3281bc85d7e95048aceb6fd185/execute/sync HTTP/1.1
User-Agent: selenium/4.0.0 (java mac)
Content-Length: 48780
Content-Type: application/json; charset=utf-8
host: localhost:63415
accept: */*

Response DefaultHttpResponse(decodeResult: success, version: HTTP/1.1)
HTTP/1.1 200 OK
Content-Type: application/json; charset=utf-8
cache-control: no-cache
content-length: 15

18:58:01.799 [AsyncHttpClient-1-2] DEBUG org.asynchttpclient.netty.channel.ChannelManager - Adding key: http://localhost:63415 for channel [id: 0xec641afe, L:/127.0.0.1:49534 - R:localhost/127.0.0.1:63415]
18:58:02.163 [AsyncHttpClient-1-1] DEBUG org.asynchttpclient.netty.channel.DefaultChannelPool - Entry count for : http://localhost:49539 : 1
18:58:02.164 [AsyncHttpClient-1-1] DEBUG org.asynchttpclient.netty.channel.DefaultChannelPool - Entry count for : http://localhost:63415 : 1
18:58:02.309 [Forwarding isElementDisplayed on session 3e9ebe3281bc85d7e95048aceb6fd185 to remote] DEBUG org.asynchttpclient.netty.request.NettyRequestSender - Using pooled Channel '[id: 0xec641afe, L:/127.0.0.1:49534 - R:localhost/127.0.0.1:63415]' for 'POST' to 'http://localhost:63415/session/3e9ebe3281bc85d7e95048aceb6fd185/execute/sync'
18:58:02.310 [Forwarding isElementDisplayed on session 3e9ebe3281bc85d7e95048aceb6fd185 to remote] DEBUG org.asynchttpclient.netty.request.NettyRequestSender - Using open Channel [id: 0xec641afe, L:/127.0.0.1:49534 - R:localhost/127.0.0.1:63415] for POST '/session/3e9ebe3281bc85d7e95048aceb6fd185/execute/sync'
18:58:02.321 [AsyncHttpClient-1-2] DEBUG org.asynchttpclient.netty.handler.HttpHandler - 

Request DefaultHttpRequest(decodeResult: success, version: HTTP/1.1)
POST /session/3e9ebe3281bc85d7e95048aceb6fd185/execute/sync HTTP/1.1
User-Agent: selenium/4.0.0 (java mac)
Content-Length: 48780
Content-Type: application/json; charset=utf-8
host: localhost:63415
accept: */*

Response DefaultHttpResponse(decodeResult: success, version: HTTP/1.1)
HTTP/1.1 200 OK
Content-Type: application/json; charset=utf-8
cache-control: no-cache
content-length: 15

18:58:02.321 [AsyncHttpClient-1-2] DEBUG org.asynchttpclient.netty.channel.ChannelManager - Adding key: http://localhost:63415 for channel [id: 0xec641afe, L:/127.0.0.1:49534 - R:localhost/127.0.0.1:63415]
18:58:02.826 [Forwarding isElementDisplayed on session 3e9ebe3281bc85d7e95048aceb6fd185 to remote] DEBUG org.asynchttpclient.netty.request.NettyRequestSender - Using pooled Channel '[id: 0xec641afe, L:/127.0.0.1:49534 - R:localhost/127.0.0.1:63415]' for 'POST' to 'http://localhost:63415/session/3e9ebe3281bc85d7e95048aceb6fd185/execute/sync'
18:58:02.827 [Forwarding isElementDisplayed on session 3e9ebe3281bc85d7e95048aceb6fd185 to remote] DEBUG org.asynchttpclient.netty.request.NettyRequestSender - Using open Channel [id: 0xec641afe, L:/127.0.0.1:49534 - R:localhost/127.0.0.1:63415] for POST '/session/3e9ebe3281bc85d7e95048aceb6fd185/execute/sync'
18:58:02.834 [AsyncHttpClient-1-2] DEBUG org.asynchttpclient.netty.handler.HttpHandler - 

Request DefaultHttpRequest(decodeResult: success, version: HTTP/1.1)
POST /session/3e9ebe3281bc85d7e95048aceb6fd185/execute/sync HTTP/1.1
User-Agent: selenium/4.0.0 (java mac)
Content-Length: 48780
Content-Type: application/json; charset=utf-8
host: localhost:63415
accept: */*

Response DefaultHttpResponse(decodeResult: success, version: HTTP/1.1)
HTTP/1.1 200 OK
Content-Type: application/json; charset=utf-8
cache-control: no-cache
content-length: 15

18:58:02.834 [AsyncHttpClient-1-2] DEBUG org.asynchttpclient.netty.channel.ChannelManager - Adding key: http://localhost:63415 for channel [id: 0xec641afe, L:/127.0.0.1:49534 - R:localhost/127.0.0.1:63415]
18:58:03.264 [AsyncHttpClient-1-1] DEBUG org.asynchttpclient.netty.channel.DefaultChannelPool - Entry count for : http://localhost:49539 : 1
18:58:03.264 [AsyncHttpClient-1-1] DEBUG org.asynchttpclient.netty.channel.DefaultChannelPool - Entry count for : http://localhost:63415 : 1
18:58:03.369 [Forwarding isElementDisplayed on session 3e9ebe3281bc85d7e95048aceb6fd185 to remote] DEBUG org.asynchttpclient.netty.request.NettyRequestSender - Using pooled Channel '[id: 0xec641afe, L:/127.0.0.1:49534 - R:localhost/127.0.0.1:63415]' for 'POST' to 'http://localhost:63415/session/3e9ebe3281bc85d7e95048aceb6fd185/execute/sync'
18:58:03.370 [Forwarding isElementDisplayed on session 3e9ebe3281bc85d7e95048aceb6fd185 to remote] DEBUG org.asynchttpclient.netty.request.NettyRequestSender - Using open Channel [id: 0xec641afe, L:/127.0.0.1:49534 - R:localhost/127.0.0.1:63415] for POST '/session/3e9ebe3281bc85d7e95048aceb6fd185/execute/sync'
18:58:03.447 [AsyncHttpClient-1-2] DEBUG org.asynchttpclient.netty.handler.HttpHandler - 

Request DefaultHttpRequest(decodeResult: success, version: HTTP/1.1)
POST /session/3e9ebe3281bc85d7e95048aceb6fd185/execute/sync HTTP/1.1
User-Agent: selenium/4.0.0 (java mac)
Content-Length: 48780
Content-Type: application/json; charset=utf-8
host: localhost:63415
accept: */*

Response DefaultHttpResponse(decodeResult: success, version: HTTP/1.1)
HTTP/1.1 200 OK
Content-Type: application/json; charset=utf-8
cache-control: no-cache
content-length: 14

18:58:03.447 [AsyncHttpClient-1-2] DEBUG org.asynchttpclient.netty.channel.ChannelManager - Adding key: http://localhost:63415 for channel [id: 0xec641afe, L:/127.0.0.1:49534 - R:localhost/127.0.0.1:63415]
]]></system-out>
    <system-err><![CDATA[Starting ChromeDriver 98.0.4758.102 (273bf7ac8c909cde36982d27f66f3c70846a3718-refs/branch-heads/4758@{#1151}) on port 63415
Only local connections are allowed.
Please see https://chromedriver.chromium.org/security-considerations for suggestions on keeping ChromeDriver safe.
ChromeDriver was started successfully.
февр. 27, 2022 6:57:35 PM org.openqa.selenium.remote.ProtocolHandshake createSession
INFO: Detected dialect: W3C
февр. 27, 2022 6:57:35 PM org.openqa.selenium.devtools.CdpVersionFinder findNearestMatch
WARNING: Unable to find an exact match for CDP version 98, so returning the closest version found: 95
февр. 27, 2022 6:57:35 PM org.openqa.selenium.devtools.CdpVersionFinder findNearestMatch
INFO: Found CDP implementation for version 98 of 95
]]></system-err>
  </testcase>
</testsuite>