<?xml version="1.0" encoding="UTF-8"?>
<testsuite xmlns:xsi="http://www.w3.org/2001/XMLSchema-instance" xsi:noNamespaceSchemaLocation="https://maven.apache.org/surefire/maven-surefire-plugin/xsd/surefire-test-report-3.0.xsd" version="3.0" name="lesson5.AddFavoriteTest" time="30.177" tests="1" errors="0" skipped="0" failures="0">
  <properties>
    <property name="gopherProxySet" value="false"/>
    <property name="awt.toolkit" value="sun.lwawt.macosx.LWCToolkit"/>
    <property name="http.proxyHost" value="127.0.0.1"/>
    <property name="java.specification.version" value="11"/>
    <property name="webdriver.chrome.driver" value="/Users/alinastepanova/.cache/selenium/chromedriver/mac64/98.0.4758.102/chromedriver"/>
    <property name="sun.cpu.isalist" value=""/>
    <property name="sun.jnu.encoding" value="UTF-8"/>
    <property name="java.class.path" value="/Users/alinastepanova/Desktop/StepanovaGB/target/test-classes:/Users/alinastepanova/Desktop/StepanovaGB/target/classes:/Users/alinastepanova/.m2/repository/org/junit/jupiter/junit-jupiter-engine/5.6.2/junit-jupiter-engine-5.6.2.jar:/Users/alinastepanova/.m2/repository/org/apiguardian/apiguardian-api/1.1.0/apiguardian-api-1.1.0.jar:/Users/alinastepanova/.m2/repository/org/junit/platform/junit-platform-engine/1.6.2/junit-platform-engine-1.6.2.jar:/Users/alinastepanova/.m2/repository/org/opentest4j/opentest4j/1.2.0/opentest4j-1.2.0.jar:/Users/alinastepanova/.m2/repository/org/junit/platform/junit-platform-commons/1.6.2/junit-platform-commons-1.6.2.jar:/Users/alinastepanova/.m2/repository/org/junit/jupiter/junit-jupiter-api/5.6.2/junit-jupiter-api-5.6.2.jar:/Users/alinastepanova/.m2/repository/org/junit/jupiter/junit-jupiter-params/5.6.2/junit-jupiter-params-5.6.2.jar:/Users/alinastepanova/.m2/repository/ch/qos/logback/logback-classic/1.2.3/logback-classic-1.2.3.jar:/Users/alinastepanova/.m2/repository/ch/qos/logback/logback-core/1.2.3/logback-core-1.2.3.jar:/Users/alinastepanova/.m2/repository/org/slf4j/slf4j-api/1.7.25/slf4j-api-1.7.25.jar:/Users/alinastepanova/.m2/repository/org/seleniumhq/selenium/selenium-java/4.0.0/selenium-java-4.0.0.jar:/Users/alinastepanova/.m2/repository/org/seleniumhq/selenium/selenium-api/4.0.0/selenium-api-4.0.0.jar:/Users/alinastepanova/.m2/repository/org/seleniumhq/selenium/selenium-chrome-driver/4.0.0/selenium-chrome-driver-4.0.0.jar:/Users/alinastepanova/.m2/repository/com/google/auto/service/auto-service-annotations/1.0/auto-service-annotations-1.0.jar:/Users/alinastepanova/.m2/repository/com/google/auto/service/auto-service/1.0/auto-service-1.0.jar:/Users/alinastepanova/.m2/repository/com/google/auto/auto-common/1.0/auto-common-1.0.jar:/Users/alinastepanova/.m2/repository/org/seleniumhq/selenium/selenium-chromium-driver/4.0.0/selenium-chromium-driver-4.0.0.jar:/Users/alinastepanova/.m2/repository/org/seleniumhq/selenium/selenium-json/4.0.0/selenium-json-4.0.0.jar:/Users/alinastepanova/.m2/repository/org/seleniumhq/selenium/selenium-devtools-v85/4.0.0/selenium-devtools-v85-4.0.0.jar:/Users/alinastepanova/.m2/repository/org/seleniumhq/selenium/selenium-devtools-v93/4.0.0/selenium-devtools-v93-4.0.0.jar:/Users/alinastepanova/.m2/repository/org/seleniumhq/selenium/selenium-devtools-v94/4.0.0/selenium-devtools-v94-4.0.0.jar:/Users/alinastepanova/.m2/repository/org/seleniumhq/selenium/selenium-devtools-v95/4.0.0/selenium-devtools-v95-4.0.0.jar:/Users/alinastepanova/.m2/repository/org/seleniumhq/selenium/selenium-edge-driver/4.0.0/selenium-edge-driver-4.0.0.jar:/Users/alinastepanova/.m2/repository/org/seleniumhq/selenium/selenium-firefox-driver/4.0.0/selenium-firefox-driver-4.0.0.jar:/Users/alinastepanova/.m2/repository/org/seleniumhq/selenium/selenium-firefox-xpi-driver/4.0.0/selenium-firefox-xpi-driver-4.0.0.jar:/Users/alinastepanova/.m2/repository/org/seleniumhq/selenium/selenium-ie-driver/4.0.0/selenium-ie-driver-4.0.0.jar:/Users/alinastepanova/.m2/repository/org/seleniumhq/selenium/selenium-opera-driver/4.0.0/selenium-opera-driver-4.0.0.jar:/Users/alinastepanova/.m2/repository/org/seleniumhq/selenium/selenium-remote-driver/4.0.0/selenium-remote-driver-4.0.0.jar:/Users/alinastepanova/.m2/repository/com/beust/jcommander/1.81/jcommander-1.81.jar:/Users/alinastepanova/.m2/repository/io/netty/netty-buffer/4.1.68.Final/netty-buffer-4.1.68.Final.jar:/Users/alinastepanova/.m2/repository/io/netty/netty-codec-http/4.1.67.Final/netty-codec-http-4.1.67.Final.jar:/Users/alinastepanova/.m2/repository/io/netty/netty-codec/4.1.67.Final/netty-codec-4.1.67.Final.jar:/Users/alinastepanova/.m2/repository/io/netty/netty-handler/4.1.67.Final/netty-handler-4.1.67.Final.jar:/Users/alinastepanova/.m2/repository/io/netty/netty-common/4.1.68.Final/netty-common-4.1.68.Final.jar:/Users/alinastepanova/.m2/repository/io/netty/netty-transport-native-epoll/4.1.67.Final/netty-transport-native-epoll-4.1.67.Final.jar:/Users/alinastepanova/.m2/repository/io/netty/netty-transport-native-kqueue/4.1.67.Final/netty-transport-native-kqueue-4.1.67.Final.jar:/Users/alinastepanova/.m2/repository/io/netty/netty-transport-native-unix-common/4.1.67.Final/netty-transport-native-unix-common-4.1.67.Final.jar:/Users/alinastepanova/.m2/repository/io/netty/netty-transport/4.1.68.Final/netty-transport-4.1.68.Final.jar:/Users/alinastepanova/.m2/repository/io/netty/netty-resolver/4.1.68.Final/netty-resolver-4.1.68.Final.jar:/Users/alinastepanova/.m2/repository/io/opentelemetry/opentelemetry-api/1.6.0/opentelemetry-api-1.6.0.jar:/Users/alinastepanova/.m2/repository/io/opentelemetry/opentelemetry-context/1.6.0/opentelemetry-context-1.6.0.jar:/Users/alinastepanova/.m2/repository/io/opentelemetry/opentelemetry-exporter-logging/1.6.0/opentelemetry-exporter-logging-1.6.0.jar:/Users/alinastepanova/.m2/repository/io/opentelemetry/opentelemetry-sdk-metrics/1.6.0-alpha/opentelemetry-sdk-metrics-1.6.0-alpha.jar:/Users/alinastepanova/.m2/repository/io/opentelemetry/opentelemetry-sdk-common/1.6.0/opentelemetry-sdk-common-1.6.0.jar:/Users/alinastepanova/.m2/repository/io/opentelemetry/opentelemetry-sdk-extension-autoconfigure-spi/1.6.0/opentelemetry-sdk-extension-autoconfigure-spi-1.6.0.jar:/Users/alinastepanova/.m2/repository/io/opentelemetry/opentelemetry-sdk-extension-autoconfigure/1.6.0-alpha/opentelemetry-sdk-extension-autoconfigure-1.6.0-alpha.jar:/Users/alinastepanova/.m2/repository/io/opentelemetry/opentelemetry-sdk-trace/1.6.0/opentelemetry-sdk-trace-1.6.0.jar:/Users/alinastepanova/.m2/repository/io/opentelemetry/opentelemetry-api-metrics/1.6.0-alpha/opentelemetry-api-metrics-1.6.0-alpha.jar:/Users/alinastepanova/.m2/repository/io/opentelemetry/opentelemetry-sdk/1.6.0/opentelemetry-sdk-1.6.0.jar:/Users/alinastepanova/.m2/repository/io/opentelemetry/opentelemetry-semconv/1.6.0-alpha/opentelemetry-semconv-1.6.0-alpha.jar:/Users/alinastepanova/.m2/repository/io/ous/jtoml/2.0.0/jtoml-2.0.0.jar:/Users/alinastepanova/.m2/repository/net/bytebuddy/byte-buddy/1.11.19/byte-buddy-1.11.19.jar:/Users/alinastepanova/.m2/repository/org/apache/commons/commons-exec/1.3/commons-exec-1.3.jar:/Users/alinastepanova/.m2/repository/org/asynchttpclient/async-http-client/2.12.3/async-http-client-2.12.3.jar:/Users/alinastepanova/.m2/repository/org/asynchttpclient/async-http-client-netty-utils/2.12.3/async-http-client-netty-utils-2.12.3.jar:/Users/alinastepanova/.m2/repository/io/netty/netty-codec-socks/4.1.60.Final/netty-codec-socks-4.1.60.Final.jar:/Users/alinastepanova/.m2/repository/io/netty/netty-handler-proxy/4.1.60.Final/netty-handler-proxy-4.1.60.Final.jar:/Users/alinastepanova/.m2/repository/io/netty/netty-transport-native-epoll/4.1.60.Final/netty-transport-native-epoll-4.1.60.Final-linux-x86_64.jar:/Users/alinastepanova/.m2/repository/io/netty/netty-transport-native-kqueue/4.1.60.Final/netty-transport-native-kqueue-4.1.60.Final-osx-x86_64.jar:/Users/alinastepanova/.m2/repository/org/reactivestreams/reactive-streams/1.0.3/reactive-streams-1.0.3.jar:/Users/alinastepanova/.m2/repository/com/typesafe/netty/netty-reactive-streams/2.0.4/netty-reactive-streams-2.0.4.jar:/Users/alinastepanova/.m2/repository/com/sun/activation/jakarta.activation/1.2.2/jakarta.activation-1.2.2.jar:/Users/alinastepanova/.m2/repository/org/seleniumhq/selenium/selenium-http/4.0.0/selenium-http-4.0.0.jar:/Users/alinastepanova/.m2/repository/org/seleniumhq/selenium/selenium-safari-driver/4.0.0/selenium-safari-driver-4.0.0.jar:/Users/alinastepanova/.m2/repository/org/seleniumhq/selenium/selenium-support/4.0.0/selenium-support-4.0.0.jar:/Users/alinastepanova/.m2/repository/io/github/bonigarcia/webdrivermanager/5.0.3/webdrivermanager-5.0.3.jar:/Users/alinastepanova/.m2/repository/com/google/code/gson/gson/2.8.8/gson-2.8.8.jar:/Users/alinastepanova/.m2/repository/org/jsoup/jsoup/1.14.2/jsoup-1.14.2.jar:/Users/alinastepanova/.m2/repository/com/github/docker-java/docker-java/3.2.12/docker-java-3.2.12.jar:/Users/alinastepanova/.m2/repository/com/github/docker-java/docker-java-core/3.2.12/docker-java-core-3.2.12.jar:/Users/alinastepanova/.m2/repository/com/github/docker-java/docker-java-api/3.2.12/docker-java-api-3.2.12.jar:/Users/alinastepanova/.m2/repository/com/fasterxml/jackson/core/jackson-annotations/2.10.3/jackson-annotations-2.10.3.jar:/Users/alinastepanova/.m2/repository/commons-io/commons-io/2.6/commons-io-2.6.jar:/Users/alinastepanova/.m2/repository/org/apache/commons/commons-compress/1.21/commons-compress-1.21.jar:/Users/alinastepanova/.m2/repository/commons-lang/commons-lang/2.6/commons-lang-2.6.jar:/Users/alinastepanova/.m2/repository/com/fasterxml/jackson/core/jackson-databind/2.10.3/jackson-databind-2.10.3.jar:/Users/alinastepanova/.m2/repository/com/fasterxml/jackson/core/jackson-core/2.10.3/jackson-core-2.10.3.jar:/Users/alinastepanova/.m2/repository/org/bouncycastle/bcpkix-jdk15on/1.64/bcpkix-jdk15on-1.64.jar:/Users/alinastepanova/.m2/repository/org/bouncycastle/bcprov-jdk15on/1.64/bcprov-jdk15on-1.64.jar:/Users/alinastepanova/.m2/repository/org/slf4j/jcl-over-slf4j/1.7.30/jcl-over-slf4j-1.7.30.jar:/Users/alinastepanova/.m2/repository/com/github/docker-java/docker-java-transport-httpclient5/3.2.12/docker-java-transport-httpclient5-3.2.12.jar:/Users/alinastepanova/.m2/repository/com/github/docker-java/docker-java-transport/3.2.12/docker-java-transport-3.2.12.jar:/Users/alinastepanova/.m2/repository/org/apache/httpcomponents/client5/httpclient5/5.0.3/httpclient5-5.0.3.jar:/Users/alinastepanova/.m2/repository/org/apache/httpcomponents/core5/httpcore5/5.0.2/httpcore5-5.0.2.jar:/Users/alinastepanova/.m2/repository/commons-codec/commons-codec/1.13/commons-codec-1.13.jar:/Users/alinastepanova/.m2/repository/net/java/dev/jna/jna/5.8.0/jna-5.8.0.jar:/Users/alinastepanova/.m2/repository/com/google/guava/guava/30.1.1-jre/guava-30.1.1-jre.jar:/Users/alinastepanova/.m2/repository/com/google/guava/failureaccess/1.0.1/failureaccess-1.0.1.jar:/Users/alinastepanova/.m2/repository/com/google/guava/listenablefuture/9999.0-empty-to-avoid-conflict-with-guava/listenablefuture-9999.0-empty-to-avoid-conflict-with-guava.jar:/Users/alinastepanova/.m2/repository/com/google/code/findbugs/jsr305/3.0.2/jsr305-3.0.2.jar:/Users/alinastepanova/.m2/repository/org/checkerframework/checker-qual/3.8.0/checker-qual-3.8.0.jar:/Users/alinastepanova/.m2/repository/com/google/errorprone/error_prone_annotations/2.5.1/error_prone_annotations-2.5.1.jar:/Users/alinastepanova/.m2/repository/com/google/j2objc/j2objc-annotations/1.3/j2objc-annotations-1.3.jar:/Users/alinastepanova/.m2/repository/org/brotli/dec/0.1.2/dec-0.1.2.jar:"/>
    <property name="https.proxyPort" value="9090"/>
    <property name="java.vm.vendor" value="Oracle Corporation"/>
    <property name="sun.arch.data.model" value="64"/>
    <property name="java.vendor.url" value="https://openjdk.java.net/"/>
    <property name="user.timezone" value="Europe/Moscow"/>
    <property name="java.vm.specification.version" value="11"/>
    <property name="os.name" value="Mac OS X"/>
    <property name="sun.java.launcher" value="SUN_STANDARD"/>
    <property name="user.country" value="RU"/>
    <property name="sun.boot.library.path" value="/Library/Java/JavaVirtualMachines/jdk-11.0.12.jdk/Contents/Home/lib"/>
    <property name="sun.java.command" value="/Users/alinastepanova/Desktop/StepanovaGB/target/surefire/surefirebooter8627635789232208805.jar /Users/alinastepanova/Desktop/StepanovaGB/target/surefire 2022-02-27T18-57-31_638-jvmRun1 surefire841034214909471840tmp surefire_011164491386192106617tmp"/>
    <property name="http.nonProxyHosts" value="local|*.local|169.254/16|*.169.254/16"/>
    <property name="jdk.debug" value="release"/>
    <property name="surefire.test.class.path" value="/Users/alinastepanova/Desktop/StepanovaGB/target/test-classes:/Users/alinastepanova/Desktop/StepanovaGB/target/classes:/Users/alinastepanova/.m2/repository/org/junit/jupiter/junit-jupiter-engine/5.6.2/junit-jupiter-engine-5.6.2.jar:/Users/alinastepanova/.m2/repository/org/apiguardian/apiguardian-api/1.1.0/apiguardian-api-1.1.0.jar:/Users/alinastepanova/.m2/repository/org/junit/platform/junit-platform-engine/1.6.2/junit-platform-engine-1.6.2.jar:/Users/alinastepanova/.m2/repository/org/opentest4j/opentest4j/1.2.0/opentest4j-1.2.0.jar:/Users/alinastepanova/.m2/repository/org/junit/platform/junit-platform-commons/1.6.2/junit-platform-commons-1.6.2.jar:/Users/alinastepanova/.m2/repository/org/junit/jupiter/junit-jupiter-api/5.6.2/junit-jupiter-api-5.6.2.jar:/Users/alinastepanova/.m2/repository/org/junit/jupiter/junit-jupiter-params/5.6.2/junit-jupiter-params-5.6.2.jar:/Users/alinastepanova/.m2/repository/ch/qos/logback/logback-classic/1.2.3/logback-classic-1.2.3.jar:/Users/alinastepanova/.m2/repository/ch/qos/logback/logback-core/1.2.3/logback-core-1.2.3.jar:/Users/alinastepanova/.m2/repository/org/slf4j/slf4j-api/1.7.25/slf4j-api-1.7.25.jar:/Users/alinastepanova/.m2/repository/org/seleniumhq/selenium/selenium-java/4.0.0/selenium-java-4.0.0.jar:/Users/alinastepanova/.m2/repository/org/seleniumhq/selenium/selenium-api/4.0.0/selenium-api-4.0.0.jar:/Users/alinastepanova/.m2/repository/org/seleniumhq/selenium/selenium-chrome-driver/4.0.0/selenium-chrome-driver-4.0.0.jar:/Users/alinastepanova/.m2/repository/com/google/auto/service/auto-service-annotations/1.0/auto-service-annotations-1.0.jar:/Users/alinastepanova/.m2/repository/com/google/auto/service/auto-service/1.0/auto-service-1.0.jar:/Users/alinastepanova/.m2/repository/com/google/auto/auto-common/1.0/auto-common-1.0.jar:/Users/alinastepanova/.m2/repository/org/seleniumhq/selenium/selenium-chromium-driver/4.0.0/selenium-chromium-driver-4.0.0.jar:/Users/alinastepanova/.m2/repository/org/seleniumhq/selenium/selenium-json/4.0.0/selenium-json-4.0.0.jar:/Users/alinastepanova/.m2/repository/org/seleniumhq/selenium/selenium-devtools-v85/4.0.0/selenium-devtools-v85-4.0.0.jar:/Users/alinastepanova/.m2/repository/org/seleniumhq/selenium/selenium-devtools-v93/4.0.0/selenium-devtools-v93-4.0.0.jar:/Users/alinastepanova/.m2/repository/org/seleniumhq/selenium/selenium-devtools-v94/4.0.0/selenium-devtools-v94-4.0.0.jar:/Users/alinastepanova/.m2/repository/org/seleniumhq/selenium/selenium-devtools-v95/4.0.0/selenium-devtools-v95-4.0.0.jar:/Users/alinastepanova/.m2/repository/org/seleniumhq/selenium/selenium-edge-driver/4.0.0/selenium-edge-driver-4.0.0.jar:/Users/alinastepanova/.m2/repository/org/seleniumhq/selenium/selenium-firefox-driver/4.0.0/selenium-firefox-driver-4.0.0.jar:/Users/alinastepanova/.m2/repository/org/seleniumhq/selenium/selenium-firefox-xpi-driver/4.0.0/selenium-firefox-xpi-driver-4.0.0.jar:/Users/alinastepanova/.m2/repository/org/seleniumhq/selenium/selenium-ie-driver/4.0.0/selenium-ie-driver-4.0.0.jar:/Users/alinastepanova/.m2/repository/org/seleniumhq/selenium/selenium-opera-driver/4.0.0/selenium-opera-driver-4.0.0.jar:/Users/alinastepanova/.m2/repository/org/seleniumhq/selenium/selenium-remote-driver/4.0.0/selenium-remote-driver-4.0.0.jar:/Users/alinastepanova/.m2/repository/com/beust/jcommander/1.81/jcommander-1.81.jar:/Users/alinastepanova/.m2/repository/io/netty/netty-buffer/4.1.68.Final/netty-buffer-4.1.68.Final.jar:/Users/alinastepanova/.m2/repository/io/netty/netty-codec-http/4.1.67.Final/netty-codec-http-4.1.67.Final.jar:/Users/alinastepanova/.m2/repository/io/netty/netty-codec/4.1.67.Final/netty-codec-4.1.67.Final.jar:/Users/alinastepanova/.m2/repository/io/netty/netty-handler/4.1.67.Final/netty-handler-4.1.67.Final.jar:/Users/alinastepanova/.m2/repository/io/netty/netty-common/4.1.68.Final/netty-common-4.1.68.Final.jar:/Users/alinastepanova/.m2/repository/io/netty/netty-transport-native-epoll/4.1.67.Final/netty-transport-native-epoll-4.1.67.Final.jar:/Users/alinastepanova/.m2/repository/io/netty/netty-transport-native-kqueue/4.1.67.Final/netty-transport-native-kqueue-4.1.67.Final.jar:/Users/alinastepanova/.m2/repository/io/netty/netty-transport-native-unix-common/4.1.67.Final/netty-transport-native-unix-common-4.1.67.Final.jar:/Users/alinastepanova/.m2/repository/io/netty/netty-transport/4.1.68.Final/netty-transport-4.1.68.Final.jar:/Users/alinastepanova/.m2/repository/io/netty/netty-resolver/4.1.68.Final/netty-resolver-4.1.68.Final.jar:/Users/alinastepanova/.m2/repository/io/opentelemetry/opentelemetry-api/1.6.0/opentelemetry-api-1.6.0.jar:/Users/alinastepanova/.m2/repository/io/opentelemetry/opentelemetry-context/1.6.0/opentelemetry-context-1.6.0.jar:/Users/alinastepanova/.m2/repository/io/opentelemetry/opentelemetry-exporter-logging/1.6.0/opentelemetry-exporter-logging-1.6.0.jar:/Users/alinastepanova/.m2/repository/io/opentelemetry/opentelemetry-sdk-metrics/1.6.0-alpha/opentelemetry-sdk-metrics-1.6.0-alpha.jar:/Users/alinastepanova/.m2/repository/io/opentelemetry/opentelemetry-sdk-common/1.6.0/opentelemetry-sdk-common-1.6.0.jar:/Users/alinastepanova/.m2/repository/io/opentelemetry/opentelemetry-sdk-extension-autoconfigure-spi/1.6.0/opentelemetry-sdk-extension-autoconfigure-spi-1.6.0.jar:/Users/alinastepanova/.m2/repository/io/opentelemetry/opentelemetry-sdk-extension-autoconfigure/1.6.0-alpha/opentelemetry-sdk-extension-autoconfigure-1.6.0-alpha.jar:/Users/alinastepanova/.m2/repository/io/opentelemetry/opentelemetry-sdk-trace/1.6.0/opentelemetry-sdk-trace-1.6.0.jar:/Users/alinastepanova/.m2/repository/io/opentelemetry/opentelemetry-api-metrics/1.6.0-alpha/opentelemetry-api-metrics-1.6.0-alpha.jar:/Users/alinastepanova/.m2/repository/io/opentelemetry/opentelemetry-sdk/1.6.0/opentelemetry-sdk-1.6.0.jar:/Users/alinastepanova/.m2/repository/io/opentelemetry/opentelemetry-semconv/1.6.0-alpha/opentelemetry-semconv-1.6.0-alpha.jar:/Users/alinastepanova/.m2/repository/io/ous/jtoml/2.0.0/jtoml-2.0.0.jar:/Users/alinastepanova/.m2/repository/net/bytebuddy/byte-buddy/1.11.19/byte-buddy-1.11.19.jar:/Users/alinastepanova/.m2/repository/org/apache/commons/commons-exec/1.3/commons-exec-1.3.jar:/Users/alinastepanova/.m2/repository/org/asynchttpclient/async-http-client/2.12.3/async-http-client-2.12.3.jar:/Users/alinastepanova/.m2/repository/org/asynchttpclient/async-http-client-netty-utils/2.12.3/async-http-client-netty-utils-2.12.3.jar:/Users/alinastepanova/.m2/repository/io/netty/netty-codec-socks/4.1.60.Final/netty-codec-socks-4.1.60.Final.jar:/Users/alinastepanova/.m2/repository/io/netty/netty-handler-proxy/4.1.60.Final/netty-handler-proxy-4.1.60.Final.jar:/Users/alinastepanova/.m2/repository/io/netty/netty-transport-native-epoll/4.1.60.Final/netty-transport-native-epoll-4.1.60.Final-linux-x86_64.jar:/Users/alinastepanova/.m2/repository/io/netty/netty-transport-native-kqueue/4.1.60.Final/netty-transport-native-kqueue-4.1.60.Final-osx-x86_64.jar:/Users/alinastepanova/.m2/repository/org/reactivestreams/reactive-streams/1.0.3/reactive-streams-1.0.3.jar:/Users/alinastepanova/.m2/repository/com/typesafe/netty/netty-reactive-streams/2.0.4/netty-reactive-streams-2.0.4.jar:/Users/alinastepanova/.m2/repository/com/sun/activation/jakarta.activation/1.2.2/jakarta.activation-1.2.2.jar:/Users/alinastepanova/.m2/repository/org/seleniumhq/selenium/selenium-http/4.0.0/selenium-http-4.0.0.jar:/Users/alinastepanova/.m2/repository/org/seleniumhq/selenium/selenium-safari-driver/4.0.0/selenium-safari-driver-4.0.0.jar:/Users/alinastepanova/.m2/repository/org/seleniumhq/selenium/selenium-support/4.0.0/selenium-support-4.0.0.jar:/Users/alinastepanova/.m2/repository/io/github/bonigarcia/webdrivermanager/5.0.3/webdrivermanager-5.0.3.jar:/Users/alinastepanova/.m2/repository/com/google/code/gson/gson/2.8.8/gson-2.8.8.jar:/Users/alinastepanova/.m2/repository/org/jsoup/jsoup/1.14.2/jsoup-1.14.2.jar:/Users/alinastepanova/.m2/repository/com/github/docker-java/docker-java/3.2.12/docker-java-3.2.12.jar:/Users/alinastepanova/.m2/repository/com/github/docker-java/docker-java-core/3.2.12/docker-java-core-3.2.12.jar:/Users/alinastepanova/.m2/repository/com/github/docker-java/docker-java-api/3.2.12/docker-java-api-3.2.12.jar:/Users/alinastepanova/.m2/repository/com/fasterxml/jackson/core/jackson-annotations/2.10.3/jackson-annotations-2.10.3.jar:/Users/alinastepanova/.m2/repository/commons-io/commons-io/2.6/commons-io-2.6.jar:/Users/alinastepanova/.m2/repository/org/apache/commons/commons-compress/1.21/commons-compress-1.21.jar:/Users/alinastepanova/.m2/repository/commons-lang/commons-lang/2.6/commons-lang-2.6.jar:/Users/alinastepanova/.m2/repository/com/fasterxml/jackson/core/jackson-databind/2.10.3/jackson-databind-2.10.3.jar:/Users/alinastepanova/.m2/repository/com/fasterxml/jackson/core/jackson-core/2.10.3/jackson-core-2.10.3.jar:/Users/alinastepanova/.m2/repository/org/bouncycastle/bcpkix-jdk15on/1.64/bcpkix-jdk15on-1.64.jar:/Users/alinastepanova/.m2/repository/org/bouncycastle/bcprov-jdk15on/1.64/bcprov-jdk15on-1.64.jar:/Users/alinastepanova/.m2/repository/org/slf4j/jcl-over-slf4j/1.7.30/jcl-over-slf4j-1.7.30.jar:/Users/alinastepanova/.m2/repository/com/github/docker-java/docker-java-transport-httpclient5/3.2.12/docker-java-transport-httpclient5-3.2.12.jar:/Users/alinastepanova/.m2/repository/com/github/docker-java/docker-java-transport/3.2.12/docker-java-transport-3.2.12.jar:/Users/alinastepanova/.m2/repository/org/apache/httpcomponents/client5/httpclient5/5.0.3/httpclient5-5.0.3.jar:/Users/alinastepanova/.m2/repository/org/apache/httpcomponents/core5/httpcore5/5.0.2/httpcore5-5.0.2.jar:/Users/alinastepanova/.m2/repository/commons-codec/commons-codec/1.13/commons-codec-1.13.jar:/Users/alinastepanova/.m2/repository/net/java/dev/jna/jna/5.8.0/jna-5.8.0.jar:/Users/alinastepanova/.m2/repository/com/google/guava/guava/30.1.1-jre/guava-30.1.1-jre.jar:/Users/alinastepanova/.m2/repository/com/google/guava/failureaccess/1.0.1/failureaccess-1.0.1.jar:/Users/alinastepanova/.m2/repository/com/google/guava/listenablefuture/9999.0-empty-to-avoid-conflict-with-guava/listenablefuture-9999.0-empty-to-avoid-conflict-with-guava.jar:/Users/alinastepanova/.m2/repository/com/google/code/findbugs/jsr305/3.0.2/jsr305-3.0.2.jar:/Users/alinastepanova/.m2/repository/org/checkerframework/checker-qual/3.8.0/checker-qual-3.8.0.jar:/Users/alinastepanova/.m2/repository/com/google/errorprone/error_prone_annotations/2.5.1/error_prone_annotations-2.5.1.jar:/Users/alinastepanova/.m2/repository/com/google/j2objc/j2objc-annotations/1.3/j2objc-annotations-1.3.jar:/Users/alinastepanova/.m2/repository/org/brotli/dec/0.1.2/dec-0.1.2.jar:"/>
    <property name="sun.cpu.endian" value="little"/>
    <property name="user.home" value="/Users/alinastepanova"/>
    <property name="user.language" value="ru"/>
    <property name="java.specification.vendor" value="Oracle Corporation"/>
    <property name="java.version.date" value="2021-07-20"/>
    <property name="java.home" value="/Library/Java/JavaVirtualMachines/jdk-11.0.12.jdk/Contents/Home"/>
    <property name="file.separator" value="/"/>
    <property name="https.proxyHost" value="127.0.0.1"/>
    <property name="basedir" value="/Users/alinastepanova/Desktop/StepanovaGB"/>
    <property name="java.vm.compressedOopsMode" value="Zero based"/>
    <property name="line.separator" value="&#10;"/>
    <property name="java.specification.name" value="Java Platform API Specification"/>
    <property name="java.vm.specification.vendor" value="Oracle Corporation"/>
    <property name="java.awt.graphicsenv" value="sun.awt.CGraphicsEnvironment"/>
    <property name="surefire.real.class.path" value="/Users/alinastepanova/Desktop/StepanovaGB/target/surefire/surefirebooter8627635789232208805.jar"/>
    <property name="sun.management.compiler" value="HotSpot 64-Bit Tiered Compilers"/>
    <property name="ftp.nonProxyHosts" value="local|*.local|169.254/16|*.169.254/16"/>
    <property name="java.runtime.version" value="11.0.12+8-LTS-237"/>
    <property name="user.name" value="alinastepanova"/>
    <property name="path.separator" value=":"/>
    <property name="os.version" value="11.5"/>
    <property name="java.runtime.name" value="Java(TM) SE Runtime Environment"/>
    <property name="file.encoding" value="UTF-8"/>
    <property name="sun.nio.ch.bugLevel" value=""/>
    <property name="java.vm.name" value="Java HotSpot(TM) 64-Bit Server VM"/>
    <property name="java.vendor.version" value="18.9"/>
    <property name="localRepository" value="/Users/alinastepanova/.m2/repository"/>
    <property name="java.vendor.url.bug" value="https://bugreport.java.com/bugreport/"/>
    <property name="java.io.tmpdir" value="/var/folders/vz/g3cl2yc12mx9zwbbs20q39vw0000gn/T/"/>
    <property name="idea.version" value="2021.2.1"/>
    <property name="java.version" value="11.0.12"/>
    <property name="user.dir" value="/Users/alinastepanova/Desktop/StepanovaGB"/>
    <property name="os.arch" value="x86_64"/>
    <property name="java.vm.specification.name" value="Java Virtual Machine Specification"/>
    <property name="java.awt.printerjob" value="sun.lwawt.macosx.CPrinterJob"/>
    <property name="sun.os.patch.level" value="unknown"/>
    <property name="java.library.path" value="/Users/alinastepanova/Library/Java/Extensions:/Library/Java/Extensions:/Network/Library/Java/Extensions:/System/Library/Java/Extensions:/usr/lib/java:."/>
    <property name="java.vendor" value="Oracle Corporation"/>
    <property name="java.vm.info" value="mixed mode"/>
    <property name="java.vm.version" value="11.0.12+8-LTS-237"/>
    <property name="sun.io.unicode.encoding" value="UnicodeBig"/>
    <property name="java.class.version" value="55.0"/>
    <property name="socksNonProxyHosts" value="local|*.local|169.254/16|*.169.254/16"/>
    <property name="http.proxyPort" value="9090"/>
  </properties>
  <testcase name="addShopToFavorite" classname="lesson5.AddFavoriteTest" time="28.289">
    <system-out><![CDATA[18:58:03.484 [main] DEBUG io.github.bonigarcia.wdm.cache.ResolutionCache - Resolution chrome=98 in cache (valid until 19:06:04 27/02/2022 MSK)
18:58:03.485 [main] DEBUG io.github.bonigarcia.wdm.cache.ResolutionCache - Resolution chrome98=98.0.4758.102 in cache (valid until 18:06:04 28/02/2022 MSK)
18:58:03.486 [main] INFO io.github.bonigarcia.wdm.WebDriverManager - Using chromedriver 98.0.4758.102 (resolved driver for Chrome 98)
18:58:03.491 [main] DEBUG io.github.bonigarcia.wdm.WebDriverManager - Driver chromedriver 98.0.4758.102 found in cache
18:58:03.492 [main] INFO io.github.bonigarcia.wdm.WebDriverManager - Exporting webdriver.chrome.driver as /Users/alinastepanova/.cache/selenium/chromedriver/mac64/98.0.4758.102/chromedriver
18:58:03.543 [AsyncHttpClient-1-5] DEBUG org.asynchttpclient.netty.channel.NettyConnectListener - Using new Channel '[id: 0x5bf46d9d, L:/127.0.0.1:49853 - R:localhost/127.0.0.1:53370]' for 'POST' to '/session'
18:58:04.360 [AsyncHttpClient-1-1] DEBUG org.asynchttpclient.netty.channel.DefaultChannelPool - Entry count for : http://localhost:49539 : 1
18:58:04.361 [AsyncHttpClient-1-1] DEBUG org.asynchttpclient.netty.channel.DefaultChannelPool - Entry count for : http://localhost:63415 : 1
18:58:05.193 [AsyncHttpClient-1-5] DEBUG org.asynchttpclient.netty.handler.HttpHandler - 

Request DefaultHttpRequest(decodeResult: success, version: HTTP/1.1)
POST /session HTTP/1.1
User-Agent: selenium/4.0.0 (java mac)
Content-Length: 485
Content-Type: application/json; charset=utf-8
host: localhost:53370
accept: */*

Response DefaultHttpResponse(decodeResult: success, version: HTTP/1.1)
HTTP/1.1 200 OK
Content-Type: application/json; charset=utf-8
cache-control: no-cache
content-length: 800

18:58:05.194 [AsyncHttpClient-1-5] DEBUG org.asynchttpclient.netty.channel.ChannelManager - Adding key: http://localhost:53370 for channel [id: 0x5bf46d9d, L:/127.0.0.1:49853 - R:localhost/127.0.0.1:53370]
18:58:05.203 [AsyncHttpClient-1-6] DEBUG org.asynchttpclient.netty.channel.NettyConnectListener - Using new Channel '[id: 0xda8b6ddb, L:/127.0.0.1:49872 - R:localhost/127.0.0.1:49858]' for 'GET' to '/json/version'
18:58:05.213 [AsyncHttpClient-1-6] DEBUG org.asynchttpclient.netty.handler.HttpHandler - 

Request DefaultFullHttpRequest(decodeResult: success, version: HTTP/1.1, content: EmptyByteBufBE)
GET /json/version HTTP/1.1
User-Agent: selenium/4.0.0 (java mac)
host: localhost:49858
accept: */*

Response DefaultHttpResponse(decodeResult: success, version: HTTP/1.1)
HTTP/1.1 200 OK
Content-Type: application/json; charset=UTF-8
content-length: 424

18:58:05.213 [AsyncHttpClient-1-6] DEBUG org.asynchttpclient.netty.channel.ChannelManager - Adding key: http://localhost:49858 for channel [id: 0xda8b6ddb, L:/127.0.0.1:49872 - R:localhost/127.0.0.1:49858]
18:58:05.216 [AsyncHttpClient-1-7] DEBUG org.asynchttpclient.netty.channel.NettyConnectListener - Using new Channel '[id: 0xfd984a93, L:/127.0.0.1:49873 - R:localhost/127.0.0.1:49858]' for 'GET' to '/devtools/browser/fffaa966-bfac-4a01-8779-ea28b0f6bafc'
18:58:05.228 [AsyncHttpClient-1-7] DEBUG org.asynchttpclient.netty.handler.WebSocketHandler - 

Request DefaultFullHttpRequest(decodeResult: success, version: HTTP/1.1, content: EmptyByteBufBE)
GET /devtools/browser/fffaa966-bfac-4a01-8779-ea28b0f6bafc HTTP/1.1
upgrade: websocket
connection: upgrade
sec-websocket-key: zz1LVvDqd+bYwFVDg9ncjA==
sec-websocket-version: 13
origin: http://localhost:49858
host: localhost:49858
accept: */*
user-agent: AHC/2.1

Response DefaultHttpResponse(decodeResult: success, version: HTTP/1.1)
HTTP/1.1 101 WebSocket Protocol Handshake
Upgrade: WebSocket
Connection: Upgrade
Sec-WebSocket-Accept: +X7zXDa4hQWouSNqyQ1InB9agzM=

18:58:05.238 [Forwarding maximizeCurrentWindow on session 4499641ff078a5093e72734b002a18f7 to remote] DEBUG org.asynchttpclient.netty.request.NettyRequestSender - Using pooled Channel '[id: 0x5bf46d9d, L:/127.0.0.1:49853 - R:localhost/127.0.0.1:53370]' for 'POST' to 'http://localhost:53370/session/4499641ff078a5093e72734b002a18f7/window/maximize'
18:58:05.238 [Forwarding maximizeCurrentWindow on session 4499641ff078a5093e72734b002a18f7 to remote] DEBUG org.asynchttpclient.netty.request.NettyRequestSender - Using open Channel [id: 0x5bf46d9d, L:/127.0.0.1:49853 - R:localhost/127.0.0.1:53370] for POST '/session/4499641ff078a5093e72734b002a18f7/window/maximize'
18:58:05.347 [AsyncHttpClient-1-5] DEBUG org.asynchttpclient.netty.handler.HttpHandler - 

Request DefaultHttpRequest(decodeResult: success, version: HTTP/1.1)
POST /session/4499641ff078a5093e72734b002a18f7/window/maximize HTTP/1.1
User-Agent: selenium/4.0.0 (java mac)
Content-Length: 3
Content-Type: application/json; charset=utf-8
host: localhost:53370
accept: */*

Response DefaultHttpResponse(decodeResult: success, version: HTTP/1.1)
HTTP/1.1 200 OK
Content-Type: application/json; charset=utf-8
cache-control: no-cache
content-length: 51

18:58:05.347 [AsyncHttpClient-1-5] DEBUG org.asynchttpclient.netty.channel.ChannelManager - Adding key: http://localhost:53370 for channel [id: 0x5bf46d9d, L:/127.0.0.1:49853 - R:localhost/127.0.0.1:53370]
18:58:05.348 [Forwarding setTimeout on session 4499641ff078a5093e72734b002a18f7 to remote] DEBUG org.asynchttpclient.netty.request.NettyRequestSender - Using pooled Channel '[id: 0x5bf46d9d, L:/127.0.0.1:49853 - R:localhost/127.0.0.1:53370]' for 'POST' to 'http://localhost:53370/session/4499641ff078a5093e72734b002a18f7/timeouts'
18:58:05.348 [Forwarding setTimeout on session 4499641ff078a5093e72734b002a18f7 to remote] DEBUG org.asynchttpclient.netty.request.NettyRequestSender - Using open Channel [id: 0x5bf46d9d, L:/127.0.0.1:49853 - R:localhost/127.0.0.1:53370] for POST '/session/4499641ff078a5093e72734b002a18f7/timeouts'
18:58:05.349 [AsyncHttpClient-1-5] DEBUG org.asynchttpclient.netty.handler.HttpHandler - 

Request DefaultHttpRequest(decodeResult: success, version: HTTP/1.1)
POST /session/4499641ff078a5093e72734b002a18f7/timeouts HTTP/1.1
User-Agent: selenium/4.0.0 (java mac)
Content-Length: 23
Content-Type: application/json; charset=utf-8
host: localhost:53370
accept: */*

Response DefaultHttpResponse(decodeResult: success, version: HTTP/1.1)
HTTP/1.1 200 OK
Content-Type: application/json; charset=utf-8
cache-control: no-cache
content-length: 14

18:58:05.350 [AsyncHttpClient-1-5] DEBUG org.asynchttpclient.netty.channel.ChannelManager - Adding key: http://localhost:53370 for channel [id: 0x5bf46d9d, L:/127.0.0.1:49853 - R:localhost/127.0.0.1:53370]
18:58:05.352 [Forwarding get on session 4499641ff078a5093e72734b002a18f7 to remote] DEBUG org.asynchttpclient.netty.request.NettyRequestSender - Using pooled Channel '[id: 0x5bf46d9d, L:/127.0.0.1:49853 - R:localhost/127.0.0.1:53370]' for 'POST' to 'http://localhost:53370/session/4499641ff078a5093e72734b002a18f7/url'
18:58:05.353 [Forwarding get on session 4499641ff078a5093e72734b002a18f7 to remote] DEBUG org.asynchttpclient.netty.request.NettyRequestSender - Using open Channel [id: 0x5bf46d9d, L:/127.0.0.1:49853 - R:localhost/127.0.0.1:53370] for POST '/session/4499641ff078a5093e72734b002a18f7/url'
18:58:05.460 [AsyncHttpClient-1-1] DEBUG org.asynchttpclient.netty.channel.DefaultChannelPool - Entry count for : http://localhost:49539 : 1
18:58:05.460 [AsyncHttpClient-1-1] DEBUG org.asynchttpclient.netty.channel.DefaultChannelPool - Entry count for : http://localhost:49858 : 1
18:58:05.460 [AsyncHttpClient-1-1] DEBUG org.asynchttpclient.netty.channel.DefaultChannelPool - Entry count for : http://localhost:63415 : 1
18:58:06.559 [AsyncHttpClient-1-1] DEBUG org.asynchttpclient.netty.channel.DefaultChannelPool - Entry count for : http://localhost:49539 : 1
18:58:06.559 [AsyncHttpClient-1-1] DEBUG org.asynchttpclient.netty.channel.DefaultChannelPool - Entry count for : http://localhost:49858 : 1
18:58:06.559 [AsyncHttpClient-1-1] DEBUG org.asynchttpclient.netty.channel.DefaultChannelPool - Entry count for : http://localhost:63415 : 1
18:58:07.659 [AsyncHttpClient-1-1] DEBUG org.asynchttpclient.netty.channel.DefaultChannelPool - Entry count for : http://localhost:49539 : 1
18:58:07.659 [AsyncHttpClient-1-1] DEBUG org.asynchttpclient.netty.channel.DefaultChannelPool - Entry count for : http://localhost:49858 : 1
18:58:07.659 [AsyncHttpClient-1-1] DEBUG org.asynchttpclient.netty.channel.DefaultChannelPool - Entry count for : http://localhost:63415 : 1
18:58:08.759 [AsyncHttpClient-1-1] DEBUG org.asynchttpclient.netty.channel.DefaultChannelPool - Entry count for : http://localhost:49539 : 1
18:58:08.759 [AsyncHttpClient-1-1] DEBUG org.asynchttpclient.netty.channel.DefaultChannelPool - Entry count for : http://localhost:49858 : 1
18:58:08.759 [AsyncHttpClient-1-1] DEBUG org.asynchttpclient.netty.channel.DefaultChannelPool - Entry count for : http://localhost:63415 : 1
18:58:09.860 [AsyncHttpClient-1-1] DEBUG org.asynchttpclient.netty.channel.DefaultChannelPool - Entry count for : http://localhost:49539 : 1
18:58:09.861 [AsyncHttpClient-1-1] DEBUG org.asynchttpclient.netty.channel.DefaultChannelPool - Entry count for : http://localhost:49858 : 1
18:58:09.861 [AsyncHttpClient-1-1] DEBUG org.asynchttpclient.netty.channel.DefaultChannelPool - Entry count for : http://localhost:63415 : 1
18:58:10.961 [AsyncHttpClient-1-1] DEBUG org.asynchttpclient.netty.channel.DefaultChannelPool - Entry count for : http://localhost:49539 : 1
18:58:10.961 [AsyncHttpClient-1-1] DEBUG org.asynchttpclient.netty.channel.DefaultChannelPool - Entry count for : http://localhost:49858 : 1
18:58:10.961 [AsyncHttpClient-1-1] DEBUG org.asynchttpclient.netty.channel.DefaultChannelPool - Entry count for : http://localhost:63415 : 1
18:58:12.061 [AsyncHttpClient-1-1] DEBUG org.asynchttpclient.netty.channel.DefaultChannelPool - Entry count for : http://localhost:49539 : 1
18:58:12.061 [AsyncHttpClient-1-1] DEBUG org.asynchttpclient.netty.channel.DefaultChannelPool - Entry count for : http://localhost:49858 : 1
18:58:12.061 [AsyncHttpClient-1-1] DEBUG org.asynchttpclient.netty.channel.DefaultChannelPool - Entry count for : http://localhost:63415 : 1
18:58:12.799 [AsyncHttpClient-1-5] DEBUG org.asynchttpclient.netty.handler.HttpHandler - 

Request DefaultHttpRequest(decodeResult: success, version: HTTP/1.1)
POST /session/4499641ff078a5093e72734b002a18f7/url HTTP/1.1
User-Agent: selenium/4.0.0 (java mac)
Content-Length: 88
Content-Type: application/json; charset=utf-8
host: localhost:53370
accept: */*

Response DefaultHttpResponse(decodeResult: success, version: HTTP/1.1)
HTTP/1.1 200 OK
Content-Type: application/json; charset=utf-8
cache-control: no-cache
content-length: 14

18:58:12.799 [AsyncHttpClient-1-5] DEBUG org.asynchttpclient.netty.channel.ChannelManager - Adding key: http://localhost:53370 for channel [id: 0x5bf46d9d, L:/127.0.0.1:49853 - R:localhost/127.0.0.1:53370]
18:58:12.801 [Forwarding findElement on session 4499641ff078a5093e72734b002a18f7 to remote] DEBUG org.asynchttpclient.netty.request.NettyRequestSender - Using pooled Channel '[id: 0x5bf46d9d, L:/127.0.0.1:49853 - R:localhost/127.0.0.1:53370]' for 'POST' to 'http://localhost:53370/session/4499641ff078a5093e72734b002a18f7/element'
18:58:12.801 [Forwarding findElement on session 4499641ff078a5093e72734b002a18f7 to remote] DEBUG org.asynchttpclient.netty.request.NettyRequestSender - Using open Channel [id: 0x5bf46d9d, L:/127.0.0.1:49853 - R:localhost/127.0.0.1:53370] for POST '/session/4499641ff078a5093e72734b002a18f7/element'
18:58:12.810 [AsyncHttpClient-1-5] DEBUG org.asynchttpclient.netty.handler.HttpHandler - 

Request DefaultHttpRequest(decodeResult: success, version: HTTP/1.1)
POST /session/4499641ff078a5093e72734b002a18f7/element HTTP/1.1
User-Agent: selenium/4.0.0 (java mac)
Content-Length: 74
Content-Type: application/json; charset=utf-8
host: localhost:53370
accept: */*

Response DefaultHttpResponse(decodeResult: success, version: HTTP/1.1)
HTTP/1.1 200 OK
Content-Type: application/json; charset=utf-8
cache-control: no-cache
content-length: 88

18:58:12.810 [AsyncHttpClient-1-5] DEBUG org.asynchttpclient.netty.channel.ChannelManager - Adding key: http://localhost:53370 for channel [id: 0x5bf46d9d, L:/127.0.0.1:49853 - R:localhost/127.0.0.1:53370]
18:58:12.812 [Forwarding findElement on session 4499641ff078a5093e72734b002a18f7 to remote] DEBUG org.asynchttpclient.netty.request.NettyRequestSender - Using pooled Channel '[id: 0x5bf46d9d, L:/127.0.0.1:49853 - R:localhost/127.0.0.1:53370]' for 'POST' to 'http://localhost:53370/session/4499641ff078a5093e72734b002a18f7/element'
18:58:12.812 [Forwarding findElement on session 4499641ff078a5093e72734b002a18f7 to remote] DEBUG org.asynchttpclient.netty.request.NettyRequestSender - Using open Channel [id: 0x5bf46d9d, L:/127.0.0.1:49853 - R:localhost/127.0.0.1:53370] for POST '/session/4499641ff078a5093e72734b002a18f7/element'
18:58:12.819 [AsyncHttpClient-1-5] DEBUG org.asynchttpclient.netty.handler.HttpHandler - 

Request DefaultHttpRequest(decodeResult: success, version: HTTP/1.1)
POST /session/4499641ff078a5093e72734b002a18f7/element HTTP/1.1
User-Agent: selenium/4.0.0 (java mac)
Content-Length: 78
Content-Type: application/json; charset=utf-8
host: localhost:53370
accept: */*

Response DefaultHttpResponse(decodeResult: success, version: HTTP/1.1)
HTTP/1.1 200 OK
Content-Type: application/json; charset=utf-8
cache-control: no-cache
content-length: 88

18:58:12.819 [AsyncHttpClient-1-5] DEBUG org.asynchttpclient.netty.channel.ChannelManager - Adding key: http://localhost:53370 for channel [id: 0x5bf46d9d, L:/127.0.0.1:49853 - R:localhost/127.0.0.1:53370]
18:58:12.820 [Forwarding findElement on session 4499641ff078a5093e72734b002a18f7 to remote] DEBUG org.asynchttpclient.netty.request.NettyRequestSender - Using pooled Channel '[id: 0x5bf46d9d, L:/127.0.0.1:49853 - R:localhost/127.0.0.1:53370]' for 'POST' to 'http://localhost:53370/session/4499641ff078a5093e72734b002a18f7/element'
18:58:12.820 [Forwarding findElement on session 4499641ff078a5093e72734b002a18f7 to remote] DEBUG org.asynchttpclient.netty.request.NettyRequestSender - Using open Channel [id: 0x5bf46d9d, L:/127.0.0.1:49853 - R:localhost/127.0.0.1:53370] for POST '/session/4499641ff078a5093e72734b002a18f7/element'
18:58:12.832 [AsyncHttpClient-1-5] DEBUG org.asynchttpclient.netty.handler.HttpHandler - 

Request DefaultHttpRequest(decodeResult: success, version: HTTP/1.1)
POST /session/4499641ff078a5093e72734b002a18f7/element HTTP/1.1
User-Agent: selenium/4.0.0 (java mac)
Content-Length: 62
Content-Type: application/json; charset=utf-8
host: localhost:53370
accept: */*

Response DefaultHttpResponse(decodeResult: success, version: HTTP/1.1)
HTTP/1.1 200 OK
Content-Type: application/json; charset=utf-8
cache-control: no-cache
content-length: 88

18:58:12.832 [AsyncHttpClient-1-5] DEBUG org.asynchttpclient.netty.channel.ChannelManager - Adding key: http://localhost:53370 for channel [id: 0x5bf46d9d, L:/127.0.0.1:49853 - R:localhost/127.0.0.1:53370]
18:58:12.846 [Forwarding actions on session 4499641ff078a5093e72734b002a18f7 to remote] DEBUG org.asynchttpclient.netty.request.NettyRequestSender - Using pooled Channel '[id: 0x5bf46d9d, L:/127.0.0.1:49853 - R:localhost/127.0.0.1:53370]' for 'POST' to 'http://localhost:53370/session/4499641ff078a5093e72734b002a18f7/actions'
18:58:12.846 [Forwarding actions on session 4499641ff078a5093e72734b002a18f7 to remote] DEBUG org.asynchttpclient.netty.request.NettyRequestSender - Using open Channel [id: 0x5bf46d9d, L:/127.0.0.1:49853 - R:localhost/127.0.0.1:53370] for POST '/session/4499641ff078a5093e72734b002a18f7/actions'
18:58:13.161 [AsyncHttpClient-1-1] DEBUG org.asynchttpclient.netty.channel.DefaultChannelPool - Entry count for : http://localhost:49539 : 1
18:58:13.161 [AsyncHttpClient-1-1] DEBUG org.asynchttpclient.netty.channel.DefaultChannelPool - Entry count for : http://localhost:49858 : 1
18:58:13.161 [AsyncHttpClient-1-1] DEBUG org.asynchttpclient.netty.channel.DefaultChannelPool - Entry count for : http://localhost:63415 : 1
18:58:14.261 [AsyncHttpClient-1-1] DEBUG org.asynchttpclient.netty.channel.DefaultChannelPool - Entry count for : http://localhost:49539 : 1
18:58:14.261 [AsyncHttpClient-1-1] DEBUG org.asynchttpclient.netty.channel.DefaultChannelPool - Entry count for : http://localhost:49858 : 1
18:58:14.262 [AsyncHttpClient-1-1] DEBUG org.asynchttpclient.netty.channel.DefaultChannelPool - Entry count for : http://localhost:63415 : 1
18:58:15.259 [AsyncHttpClient-1-5] DEBUG org.asynchttpclient.netty.handler.HttpHandler - 

Request DefaultHttpRequest(decodeResult: success, version: HTTP/1.1)
POST /session/4499641ff078a5093e72734b002a18f7/actions HTTP/1.1
User-Agent: selenium/4.0.0 (java mac)
Content-Length: 9478
Content-Type: application/json; charset=utf-8
host: localhost:53370
accept: */*

Response DefaultHttpResponse(decodeResult: success, version: HTTP/1.1)
HTTP/1.1 200 OK
Content-Type: application/json; charset=utf-8
cache-control: no-cache
content-length: 14

18:58:15.260 [AsyncHttpClient-1-5] DEBUG org.asynchttpclient.netty.channel.ChannelManager - Adding key: http://localhost:53370 for channel [id: 0x5bf46d9d, L:/127.0.0.1:49853 - R:localhost/127.0.0.1:53370]
18:58:15.262 [Forwarding findElement on session 4499641ff078a5093e72734b002a18f7 to remote] DEBUG org.asynchttpclient.netty.request.NettyRequestSender - Using pooled Channel '[id: 0x5bf46d9d, L:/127.0.0.1:49853 - R:localhost/127.0.0.1:53370]' for 'POST' to 'http://localhost:53370/session/4499641ff078a5093e72734b002a18f7/element'
18:58:15.262 [Forwarding findElement on session 4499641ff078a5093e72734b002a18f7 to remote] DEBUG org.asynchttpclient.netty.request.NettyRequestSender - Using open Channel [id: 0x5bf46d9d, L:/127.0.0.1:49853 - R:localhost/127.0.0.1:53370] for POST '/session/4499641ff078a5093e72734b002a18f7/element'
18:58:15.360 [AsyncHttpClient-1-1] DEBUG org.asynchttpclient.netty.channel.DefaultChannelPool - Entry count for : http://localhost:49539 : 1
18:58:15.361 [AsyncHttpClient-1-1] DEBUG org.asynchttpclient.netty.channel.DefaultChannelPool - Entry count for : http://localhost:49858 : 1
18:58:15.361 [AsyncHttpClient-1-1] DEBUG org.asynchttpclient.netty.channel.DefaultChannelPool - Entry count for : http://localhost:63415 : 1
18:58:16.462 [AsyncHttpClient-1-1] DEBUG org.asynchttpclient.netty.channel.DefaultChannelPool - Entry count for : http://localhost:49539 : 1
18:58:16.462 [AsyncHttpClient-1-1] DEBUG org.asynchttpclient.netty.channel.DefaultChannelPool - Entry count for : http://localhost:49858 : 1
18:58:16.462 [AsyncHttpClient-1-1] DEBUG org.asynchttpclient.netty.channel.DefaultChannelPool - Entry count for : http://localhost:63415 : 1
18:58:17.560 [AsyncHttpClient-1-1] DEBUG org.asynchttpclient.netty.channel.DefaultChannelPool - Entry count for : http://localhost:49539 : 1
18:58:17.561 [AsyncHttpClient-1-1] DEBUG org.asynchttpclient.netty.channel.DefaultChannelPool - Entry count for : http://localhost:49858 : 1
18:58:17.561 [AsyncHttpClient-1-1] DEBUG org.asynchttpclient.netty.channel.DefaultChannelPool - Entry count for : http://localhost:63415 : 1
18:58:18.659 [AsyncHttpClient-1-1] DEBUG org.asynchttpclient.netty.channel.DefaultChannelPool - Entry count for : http://localhost:49539 : 1
18:58:18.659 [AsyncHttpClient-1-1] DEBUG org.asynchttpclient.netty.channel.DefaultChannelPool - Entry count for : http://localhost:49858 : 1
18:58:18.659 [AsyncHttpClient-1-1] DEBUG org.asynchttpclient.netty.channel.DefaultChannelPool - Entry count for : http://localhost:63415 : 1
18:58:19.760 [AsyncHttpClient-1-1] DEBUG org.asynchttpclient.netty.channel.DefaultChannelPool - Entry count for : http://localhost:49539 : 1
18:58:19.760 [AsyncHttpClient-1-1] DEBUG org.asynchttpclient.netty.channel.DefaultChannelPool - Entry count for : http://localhost:49858 : 1
18:58:19.760 [AsyncHttpClient-1-1] DEBUG org.asynchttpclient.netty.channel.DefaultChannelPool - Entry count for : http://localhost:63415 : 1
18:58:20.863 [AsyncHttpClient-1-1] DEBUG org.asynchttpclient.netty.channel.DefaultChannelPool - Entry count for : http://localhost:49539 : 1
18:58:20.863 [AsyncHttpClient-1-1] DEBUG org.asynchttpclient.netty.channel.DefaultChannelPool - Entry count for : http://localhost:49858 : 1
18:58:20.863 [AsyncHttpClient-1-1] DEBUG org.asynchttpclient.netty.channel.DefaultChannelPool - Entry count for : http://localhost:63415 : 1
18:58:21.963 [AsyncHttpClient-1-1] DEBUG org.asynchttpclient.netty.channel.DefaultChannelPool - Entry count for : http://localhost:49539 : 1
18:58:21.963 [AsyncHttpClient-1-1] DEBUG org.asynchttpclient.netty.channel.DefaultChannelPool - Entry count for : http://localhost:49858 : 1
18:58:21.963 [AsyncHttpClient-1-1] DEBUG org.asynchttpclient.netty.channel.DefaultChannelPool - Entry count for : http://localhost:63415 : 1
18:58:23.062 [AsyncHttpClient-1-1] DEBUG org.asynchttpclient.netty.channel.DefaultChannelPool - Entry count for : http://localhost:49539 : 1
18:58:23.062 [AsyncHttpClient-1-1] DEBUG org.asynchttpclient.netty.channel.DefaultChannelPool - Entry count for : http://localhost:49858 : 1
18:58:23.062 [AsyncHttpClient-1-1] DEBUG org.asynchttpclient.netty.channel.DefaultChannelPool - Entry count for : http://localhost:63415 : 1
18:58:24.158 [AsyncHttpClient-1-1] DEBUG org.asynchttpclient.netty.channel.DefaultChannelPool - Entry count for : http://localhost:49539 : 1
18:58:24.158 [AsyncHttpClient-1-1] DEBUG org.asynchttpclient.netty.channel.DefaultChannelPool - Entry count for : http://localhost:49858 : 1
18:58:24.158 [AsyncHttpClient-1-1] DEBUG org.asynchttpclient.netty.channel.DefaultChannelPool - Entry count for : http://localhost:63415 : 1
18:58:25.262 [AsyncHttpClient-1-1] DEBUG org.asynchttpclient.netty.channel.DefaultChannelPool - Entry count for : http://localhost:49539 : 1
18:58:25.262 [AsyncHttpClient-1-1] DEBUG org.asynchttpclient.netty.channel.DefaultChannelPool - Entry count for : http://localhost:49858 : 1
18:58:25.262 [AsyncHttpClient-1-1] DEBUG org.asynchttpclient.netty.channel.DefaultChannelPool - Entry count for : http://localhost:63415 : 1
18:58:26.359 [AsyncHttpClient-1-1] DEBUG org.asynchttpclient.netty.channel.DefaultChannelPool - Entry count for : http://localhost:49539 : 1
18:58:26.359 [AsyncHttpClient-1-1] DEBUG org.asynchttpclient.netty.channel.DefaultChannelPool - Entry count for : http://localhost:49858 : 1
18:58:26.360 [AsyncHttpClient-1-1] DEBUG org.asynchttpclient.netty.channel.DefaultChannelPool - Entry count for : http://localhost:63415 : 1
18:58:27.458 [AsyncHttpClient-1-1] DEBUG org.asynchttpclient.netty.channel.DefaultChannelPool - Entry count for : http://localhost:49539 : 1
18:58:27.459 [AsyncHttpClient-1-1] DEBUG org.asynchttpclient.netty.channel.DefaultChannelPool - Entry count for : http://localhost:49858 : 1
18:58:27.459 [AsyncHttpClient-1-1] DEBUG org.asynchttpclient.netty.channel.DefaultChannelPool - Entry count for : http://localhost:63415 : 1
18:58:28.560 [AsyncHttpClient-1-1] DEBUG org.asynchttpclient.netty.channel.DefaultChannelPool - Entry count for : http://localhost:49539 : 1
18:58:28.561 [AsyncHttpClient-1-1] DEBUG org.asynchttpclient.netty.channel.DefaultChannelPool - Entry count for : http://localhost:49858 : 1
18:58:28.561 [AsyncHttpClient-1-1] DEBUG org.asynchttpclient.netty.channel.DefaultChannelPool - Entry count for : http://localhost:63415 : 1
18:58:29.003 [AsyncHttpClient-1-5] DEBUG org.asynchttpclient.netty.handler.HttpHandler - 

Request DefaultHttpRequest(decodeResult: success, version: HTTP/1.1)
POST /session/4499641ff078a5093e72734b002a18f7/element HTTP/1.1
User-Agent: selenium/4.0.0 (java mac)
Content-Length: 68
Content-Type: application/json; charset=utf-8
host: localhost:53370
accept: */*

Response DefaultHttpResponse(decodeResult: success, version: HTTP/1.1)
HTTP/1.1 200 OK
Content-Type: application/json; charset=utf-8
cache-control: no-cache
content-length: 88

18:58:29.003 [AsyncHttpClient-1-5] DEBUG org.asynchttpclient.netty.channel.ChannelManager - Adding key: http://localhost:53370 for channel [id: 0x5bf46d9d, L:/127.0.0.1:49853 - R:localhost/127.0.0.1:53370]
18:58:29.008 [Forwarding sendKeysToElement on session 4499641ff078a5093e72734b002a18f7 to remote] DEBUG org.asynchttpclient.netty.request.NettyRequestSender - Using pooled Channel '[id: 0x5bf46d9d, L:/127.0.0.1:49853 - R:localhost/127.0.0.1:53370]' for 'POST' to 'http://localhost:53370/session/4499641ff078a5093e72734b002a18f7/element/bae7c232-2a2a-4b07-927a-e836817f5f97/value'
18:58:29.008 [Forwarding sendKeysToElement on session 4499641ff078a5093e72734b002a18f7 to remote] DEBUG org.asynchttpclient.netty.request.NettyRequestSender - Using open Channel [id: 0x5bf46d9d, L:/127.0.0.1:49853 - R:localhost/127.0.0.1:53370] for POST '/session/4499641ff078a5093e72734b002a18f7/element/bae7c232-2a2a-4b07-927a-e836817f5f97/value'
18:58:29.120 [AsyncHttpClient-1-5] DEBUG org.asynchttpclient.netty.handler.HttpHandler - 

Request DefaultHttpRequest(decodeResult: success, version: HTTP/1.1)
POST /session/4499641ff078a5093e72734b002a18f7/element/bae7c232-2a2a-4b07-927a-e836817f5f97/value HTTP/1.1
User-Agent: selenium/4.0.0 (java mac)
Content-Length: 181
Content-Type: application/json; charset=utf-8
host: localhost:53370
accept: */*

Response DefaultHttpResponse(decodeResult: success, version: HTTP/1.1)
HTTP/1.1 200 OK
Content-Type: application/json; charset=utf-8
cache-control: no-cache
content-length: 14

18:58:29.120 [AsyncHttpClient-1-5] DEBUG org.asynchttpclient.netty.channel.ChannelManager - Adding key: http://localhost:53370 for channel [id: 0x5bf46d9d, L:/127.0.0.1:49853 - R:localhost/127.0.0.1:53370]
18:58:29.121 [Forwarding findElement on session 4499641ff078a5093e72734b002a18f7 to remote] DEBUG org.asynchttpclient.netty.request.NettyRequestSender - Using pooled Channel '[id: 0x5bf46d9d, L:/127.0.0.1:49853 - R:localhost/127.0.0.1:53370]' for 'POST' to 'http://localhost:53370/session/4499641ff078a5093e72734b002a18f7/element'
18:58:29.121 [Forwarding findElement on session 4499641ff078a5093e72734b002a18f7 to remote] DEBUG org.asynchttpclient.netty.request.NettyRequestSender - Using open Channel [id: 0x5bf46d9d, L:/127.0.0.1:49853 - R:localhost/127.0.0.1:53370] for POST '/session/4499641ff078a5093e72734b002a18f7/element'
18:58:29.661 [AsyncHttpClient-1-1] DEBUG org.asynchttpclient.netty.channel.DefaultChannelPool - Entry count for : http://localhost:49539 : 1
18:58:29.662 [AsyncHttpClient-1-1] DEBUG org.asynchttpclient.netty.channel.DefaultChannelPool - Entry count for : http://localhost:49858 : 1
18:58:29.662 [AsyncHttpClient-1-1] DEBUG org.asynchttpclient.netty.channel.DefaultChannelPool - Entry count for : http://localhost:63415 : 1
18:58:29.956 [AsyncHttpClient-1-5] DEBUG org.asynchttpclient.netty.handler.HttpHandler - 

Request DefaultHttpRequest(decodeResult: success, version: HTTP/1.1)
POST /session/4499641ff078a5093e72734b002a18f7/element HTTP/1.1
User-Agent: selenium/4.0.0 (java mac)
Content-Length: 85
Content-Type: application/json; charset=utf-8
host: localhost:53370
accept: */*

Response DefaultHttpResponse(decodeResult: success, version: HTTP/1.1)
HTTP/1.1 200 OK
Content-Type: application/json; charset=utf-8
cache-control: no-cache
content-length: 88

18:58:29.957 [AsyncHttpClient-1-5] DEBUG org.asynchttpclient.netty.channel.ChannelManager - Adding key: http://localhost:53370 for channel [id: 0x5bf46d9d, L:/127.0.0.1:49853 - R:localhost/127.0.0.1:53370]
18:58:29.959 [Forwarding actions on session 4499641ff078a5093e72734b002a18f7 to remote] DEBUG org.asynchttpclient.netty.request.NettyRequestSender - Using pooled Channel '[id: 0x5bf46d9d, L:/127.0.0.1:49853 - R:localhost/127.0.0.1:53370]' for 'POST' to 'http://localhost:53370/session/4499641ff078a5093e72734b002a18f7/actions'
18:58:29.959 [Forwarding actions on session 4499641ff078a5093e72734b002a18f7 to remote] DEBUG org.asynchttpclient.netty.request.NettyRequestSender - Using open Channel [id: 0x5bf46d9d, L:/127.0.0.1:49853 - R:localhost/127.0.0.1:53370] for POST '/session/4499641ff078a5093e72734b002a18f7/actions'
18:58:30.141 [AsyncHttpClient-1-5] DEBUG org.asynchttpclient.netty.handler.HttpHandler - 

Request DefaultHttpRequest(decodeResult: success, version: HTTP/1.1)
POST /session/4499641ff078a5093e72734b002a18f7/actions HTTP/1.1
User-Agent: selenium/4.0.0 (java mac)
Content-Length: 630
Content-Type: application/json; charset=utf-8
host: localhost:53370
accept: */*

Response DefaultHttpResponse(decodeResult: success, version: HTTP/1.1)
HTTP/1.1 200 OK
Content-Type: application/json; charset=utf-8
cache-control: no-cache
content-length: 14

18:58:30.141 [AsyncHttpClient-1-5] DEBUG org.asynchttpclient.netty.channel.ChannelManager - Adding key: http://localhost:53370 for channel [id: 0x5bf46d9d, L:/127.0.0.1:49853 - R:localhost/127.0.0.1:53370]
18:58:30.144 [Forwarding getCurrentUrl on session 4499641ff078a5093e72734b002a18f7 to remote] DEBUG org.asynchttpclient.netty.request.NettyRequestSender - Using pooled Channel '[id: 0x5bf46d9d, L:/127.0.0.1:49853 - R:localhost/127.0.0.1:53370]' for 'GET' to 'http://localhost:53370/session/4499641ff078a5093e72734b002a18f7/url'
18:58:30.144 [Forwarding getCurrentUrl on session 4499641ff078a5093e72734b002a18f7 to remote] DEBUG org.asynchttpclient.netty.request.NettyRequestSender - Using open Channel [id: 0x5bf46d9d, L:/127.0.0.1:49853 - R:localhost/127.0.0.1:53370] for GET '/session/4499641ff078a5093e72734b002a18f7/url'
18:58:30.147 [AsyncHttpClient-1-5] DEBUG org.asynchttpclient.netty.handler.HttpHandler - 

Request DefaultFullHttpRequest(decodeResult: success, version: HTTP/1.1, content: EmptyByteBufBE)
GET /session/4499641ff078a5093e72734b002a18f7/url HTTP/1.1
User-Agent: selenium/4.0.0 (java mac)
Cache-Control: no-cache
Content-Type: application/json; charset=utf-8
host: localhost:53370
accept: */*

Response DefaultHttpResponse(decodeResult: success, version: HTTP/1.1)
HTTP/1.1 200 OK
Content-Type: application/json; charset=utf-8
cache-control: no-cache
content-length: 41

18:58:30.147 [AsyncHttpClient-1-5] DEBUG org.asynchttpclient.netty.channel.ChannelManager - Adding key: http://localhost:53370 for channel [id: 0x5bf46d9d, L:/127.0.0.1:49853 - R:localhost/127.0.0.1:53370]
18:58:30.653 [Forwarding getCurrentUrl on session 4499641ff078a5093e72734b002a18f7 to remote] DEBUG org.asynchttpclient.netty.request.NettyRequestSender - Using pooled Channel '[id: 0x5bf46d9d, L:/127.0.0.1:49853 - R:localhost/127.0.0.1:53370]' for 'GET' to 'http://localhost:53370/session/4499641ff078a5093e72734b002a18f7/url'
18:58:30.653 [Forwarding getCurrentUrl on session 4499641ff078a5093e72734b002a18f7 to remote] DEBUG org.asynchttpclient.netty.request.NettyRequestSender - Using open Channel [id: 0x5bf46d9d, L:/127.0.0.1:49853 - R:localhost/127.0.0.1:53370] for GET '/session/4499641ff078a5093e72734b002a18f7/url'
18:58:30.656 [AsyncHttpClient-1-5] DEBUG org.asynchttpclient.netty.handler.HttpHandler - 

Request DefaultFullHttpRequest(decodeResult: success, version: HTTP/1.1, content: EmptyByteBufBE)
GET /session/4499641ff078a5093e72734b002a18f7/url HTTP/1.1
User-Agent: selenium/4.0.0 (java mac)
Cache-Control: no-cache
Content-Type: application/json; charset=utf-8
host: localhost:53370
accept: */*

Response DefaultHttpResponse(decodeResult: success, version: HTTP/1.1)
HTTP/1.1 200 OK
Content-Type: application/json; charset=utf-8
cache-control: no-cache
content-length: 41

18:58:30.656 [AsyncHttpClient-1-5] DEBUG org.asynchttpclient.netty.channel.ChannelManager - Adding key: http://localhost:53370 for channel [id: 0x5bf46d9d, L:/127.0.0.1:49853 - R:localhost/127.0.0.1:53370]
18:58:30.763 [AsyncHttpClient-1-1] DEBUG org.asynchttpclient.netty.channel.DefaultChannelPool - Entry count for : http://localhost:53370 : 1
18:58:30.763 [AsyncHttpClient-1-1] DEBUG org.asynchttpclient.netty.channel.DefaultChannelPool - Entry count for : http://localhost:49539 : 1
18:58:30.763 [AsyncHttpClient-1-1] DEBUG org.asynchttpclient.netty.channel.DefaultChannelPool - Entry count for : http://localhost:49858 : 1
18:58:30.763 [AsyncHttpClient-1-1] DEBUG org.asynchttpclient.netty.channel.DefaultChannelPool - Entry count for : http://localhost:63415 : 1
18:58:31.159 [Forwarding getCurrentUrl on session 4499641ff078a5093e72734b002a18f7 to remote] DEBUG org.asynchttpclient.netty.request.NettyRequestSender - Using pooled Channel '[id: 0x5bf46d9d, L:/127.0.0.1:49853 - R:localhost/127.0.0.1:53370]' for 'GET' to 'http://localhost:53370/session/4499641ff078a5093e72734b002a18f7/url'
18:58:31.159 [Forwarding getCurrentUrl on session 4499641ff078a5093e72734b002a18f7 to remote] DEBUG org.asynchttpclient.netty.request.NettyRequestSender - Using open Channel [id: 0x5bf46d9d, L:/127.0.0.1:49853 - R:localhost/127.0.0.1:53370] for GET '/session/4499641ff078a5093e72734b002a18f7/url'
18:58:31.161 [AsyncHttpClient-1-5] DEBUG org.asynchttpclient.netty.handler.HttpHandler - 

Request DefaultFullHttpRequest(decodeResult: success, version: HTTP/1.1, content: EmptyByteBufBE)
GET /session/4499641ff078a5093e72734b002a18f7/url HTTP/1.1
User-Agent: selenium/4.0.0 (java mac)
Cache-Control: no-cache
Content-Type: application/json; charset=utf-8
host: localhost:53370
accept: */*

Response DefaultHttpResponse(decodeResult: success, version: HTTP/1.1)
HTTP/1.1 200 OK
Content-Type: application/json; charset=utf-8
cache-control: no-cache
content-length: 41

18:58:31.162 [AsyncHttpClient-1-5] DEBUG org.asynchttpclient.netty.channel.ChannelManager - Adding key: http://localhost:53370 for channel [id: 0x5bf46d9d, L:/127.0.0.1:49853 - R:localhost/127.0.0.1:53370]
18:58:31.664 [Forwarding getCurrentUrl on session 4499641ff078a5093e72734b002a18f7 to remote] DEBUG org.asynchttpclient.netty.request.NettyRequestSender - Using pooled Channel '[id: 0x5bf46d9d, L:/127.0.0.1:49853 - R:localhost/127.0.0.1:53370]' for 'GET' to 'http://localhost:53370/session/4499641ff078a5093e72734b002a18f7/url'
18:58:31.664 [Forwarding getCurrentUrl on session 4499641ff078a5093e72734b002a18f7 to remote] DEBUG org.asynchttpclient.netty.request.NettyRequestSender - Using open Channel [id: 0x5bf46d9d, L:/127.0.0.1:49853 - R:localhost/127.0.0.1:53370] for GET '/session/4499641ff078a5093e72734b002a18f7/url'
18:58:31.795 [AsyncHttpClient-1-5] DEBUG org.asynchttpclient.netty.handler.HttpHandler - 

Request DefaultFullHttpRequest(decodeResult: success, version: HTTP/1.1, content: EmptyByteBufBE)
GET /session/4499641ff078a5093e72734b002a18f7/url HTTP/1.1
User-Agent: selenium/4.0.0 (java mac)
Cache-Control: no-cache
Content-Type: application/json; charset=utf-8
host: localhost:53370
accept: */*

Response DefaultHttpResponse(decodeResult: success, version: HTTP/1.1)
HTTP/1.1 200 OK
Content-Type: application/json; charset=utf-8
cache-control: no-cache
content-length: 51

18:58:31.795 [AsyncHttpClient-1-5] DEBUG org.asynchttpclient.netty.channel.ChannelManager - Adding key: http://localhost:53370 for channel [id: 0x5bf46d9d, L:/127.0.0.1:49853 - R:localhost/127.0.0.1:53370]
18:58:31.796 [Forwarding findElement on session 4499641ff078a5093e72734b002a18f7 to remote] DEBUG org.asynchttpclient.netty.request.NettyRequestSender - Using pooled Channel '[id: 0x5bf46d9d, L:/127.0.0.1:49853 - R:localhost/127.0.0.1:53370]' for 'POST' to 'http://localhost:53370/session/4499641ff078a5093e72734b002a18f7/element'
18:58:31.796 [Forwarding findElement on session 4499641ff078a5093e72734b002a18f7 to remote] DEBUG org.asynchttpclient.netty.request.NettyRequestSender - Using open Channel [id: 0x5bf46d9d, L:/127.0.0.1:49853 - R:localhost/127.0.0.1:53370] for POST '/session/4499641ff078a5093e72734b002a18f7/element'
18:58:31.811 [AsyncHttpClient-1-5] DEBUG org.asynchttpclient.netty.handler.HttpHandler - 

Request DefaultHttpRequest(decodeResult: success, version: HTTP/1.1)
POST /session/4499641ff078a5093e72734b002a18f7/element HTTP/1.1
User-Agent: selenium/4.0.0 (java mac)
Content-Length: 60
Content-Type: application/json; charset=utf-8
host: localhost:53370
accept: */*

Response DefaultHttpResponse(decodeResult: success, version: HTTP/1.1)
HTTP/1.1 200 OK
Content-Type: application/json; charset=utf-8
cache-control: no-cache
content-length: 88

18:58:31.811 [AsyncHttpClient-1-5] DEBUG org.asynchttpclient.netty.channel.ChannelManager - Adding key: http://localhost:53370 for channel [id: 0x5bf46d9d, L:/127.0.0.1:49853 - R:localhost/127.0.0.1:53370]
18:58:31.813 [Forwarding actions on session 4499641ff078a5093e72734b002a18f7 to remote] DEBUG org.asynchttpclient.netty.request.NettyRequestSender - Using pooled Channel '[id: 0x5bf46d9d, L:/127.0.0.1:49853 - R:localhost/127.0.0.1:53370]' for 'POST' to 'http://localhost:53370/session/4499641ff078a5093e72734b002a18f7/actions'
18:58:31.814 [Forwarding actions on session 4499641ff078a5093e72734b002a18f7 to remote] DEBUG org.asynchttpclient.netty.request.NettyRequestSender - Using open Channel [id: 0x5bf46d9d, L:/127.0.0.1:49853 - R:localhost/127.0.0.1:53370] for POST '/session/4499641ff078a5093e72734b002a18f7/actions'
18:58:31.861 [AsyncHttpClient-1-1] DEBUG org.asynchttpclient.netty.channel.DefaultChannelPool - Entry count for : http://localhost:49539 : 1
18:58:31.861 [AsyncHttpClient-1-1] DEBUG org.asynchttpclient.netty.channel.DefaultChannelPool - Entry count for : http://localhost:49858 : 1
18:58:31.861 [AsyncHttpClient-1-1] DEBUG org.asynchttpclient.netty.channel.DefaultChannelPool - Entry count for : http://localhost:63415 : 1
18:58:31.967 [AsyncHttpClient-1-5] DEBUG org.asynchttpclient.netty.handler.HttpHandler - 

Request DefaultHttpRequest(decodeResult: success, version: HTTP/1.1)
POST /session/4499641ff078a5093e72734b002a18f7/actions HTTP/1.1
User-Agent: selenium/4.0.0 (java mac)
Content-Length: 630
Content-Type: application/json; charset=utf-8
host: localhost:53370
accept: */*

Response DefaultHttpResponse(decodeResult: success, version: HTTP/1.1)
HTTP/1.1 200 OK
Content-Type: application/json; charset=utf-8
cache-control: no-cache
content-length: 14

18:58:31.968 [AsyncHttpClient-1-5] DEBUG org.asynchttpclient.netty.channel.ChannelManager - Adding key: http://localhost:53370 for channel [id: 0x5bf46d9d, L:/127.0.0.1:49853 - R:localhost/127.0.0.1:53370]
18:58:31.969 [Forwarding findElement on session 4499641ff078a5093e72734b002a18f7 to remote] DEBUG org.asynchttpclient.netty.request.NettyRequestSender - Using pooled Channel '[id: 0x5bf46d9d, L:/127.0.0.1:49853 - R:localhost/127.0.0.1:53370]' for 'POST' to 'http://localhost:53370/session/4499641ff078a5093e72734b002a18f7/element'
18:58:31.969 [Forwarding findElement on session 4499641ff078a5093e72734b002a18f7 to remote] DEBUG org.asynchttpclient.netty.request.NettyRequestSender - Using open Channel [id: 0x5bf46d9d, L:/127.0.0.1:49853 - R:localhost/127.0.0.1:53370] for POST '/session/4499641ff078a5093e72734b002a18f7/element'
18:58:32.001 [AsyncHttpClient-1-5] DEBUG org.asynchttpclient.netty.handler.HttpHandler - 

Request DefaultHttpRequest(decodeResult: success, version: HTTP/1.1)
POST /session/4499641ff078a5093e72734b002a18f7/element HTTP/1.1
User-Agent: selenium/4.0.0 (java mac)
Content-Length: 106
Content-Type: application/json; charset=utf-8
host: localhost:53370
accept: */*

Response DefaultHttpResponse(decodeResult: success, version: HTTP/1.1)
HTTP/1.1 200 OK
Content-Type: application/json; charset=utf-8
cache-control: no-cache
content-length: 88

18:58:32.001 [AsyncHttpClient-1-5] DEBUG org.asynchttpclient.netty.channel.ChannelManager - Adding key: http://localhost:53370 for channel [id: 0x5bf46d9d, L:/127.0.0.1:49853 - R:localhost/127.0.0.1:53370]
18:58:32.003 [Forwarding actions on session 4499641ff078a5093e72734b002a18f7 to remote] DEBUG org.asynchttpclient.netty.request.NettyRequestSender - Using pooled Channel '[id: 0x5bf46d9d, L:/127.0.0.1:49853 - R:localhost/127.0.0.1:53370]' for 'POST' to 'http://localhost:53370/session/4499641ff078a5093e72734b002a18f7/actions'
18:58:32.003 [Forwarding actions on session 4499641ff078a5093e72734b002a18f7 to remote] DEBUG org.asynchttpclient.netty.request.NettyRequestSender - Using open Channel [id: 0x5bf46d9d, L:/127.0.0.1:49853 - R:localhost/127.0.0.1:53370] for POST '/session/4499641ff078a5093e72734b002a18f7/actions'
18:58:32.213 [AsyncHttpClient-1-5] DEBUG org.asynchttpclient.netty.handler.HttpHandler - 

Request DefaultHttpRequest(decodeResult: success, version: HTTP/1.1)
POST /session/4499641ff078a5093e72734b002a18f7/actions HTTP/1.1
User-Agent: selenium/4.0.0 (java mac)
Content-Length: 630
Content-Type: application/json; charset=utf-8
host: localhost:53370
accept: */*

Response DefaultHttpResponse(decodeResult: success, version: HTTP/1.1)
HTTP/1.1 200 OK
Content-Type: application/json; charset=utf-8
cache-control: no-cache
content-length: 14

18:58:32.213 [AsyncHttpClient-1-5] DEBUG org.asynchttpclient.netty.channel.ChannelManager - Adding key: http://localhost:53370 for channel [id: 0x5bf46d9d, L:/127.0.0.1:49853 - R:localhost/127.0.0.1:53370]
18:58:32.215 [Forwarding findElement on session 4499641ff078a5093e72734b002a18f7 to remote] DEBUG org.asynchttpclient.netty.request.NettyRequestSender - Using pooled Channel '[id: 0x5bf46d9d, L:/127.0.0.1:49853 - R:localhost/127.0.0.1:53370]' for 'POST' to 'http://localhost:53370/session/4499641ff078a5093e72734b002a18f7/element'
18:58:32.215 [Forwarding findElement on session 4499641ff078a5093e72734b002a18f7 to remote] DEBUG org.asynchttpclient.netty.request.NettyRequestSender - Using open Channel [id: 0x5bf46d9d, L:/127.0.0.1:49853 - R:localhost/127.0.0.1:53370] for POST '/session/4499641ff078a5093e72734b002a18f7/element'
18:58:32.962 [AsyncHttpClient-1-1] DEBUG org.asynchttpclient.netty.channel.DefaultChannelPool - Entry count for : http://localhost:49539 : 1
18:58:32.962 [AsyncHttpClient-1-1] DEBUG org.asynchttpclient.netty.channel.DefaultChannelPool - Entry count for : http://localhost:49858 : 1
18:58:32.962 [AsyncHttpClient-1-1] DEBUG org.asynchttpclient.netty.channel.DefaultChannelPool - Entry count for : http://localhost:63415 : 1
18:58:33.407 [AsyncHttpClient-1-5] DEBUG org.asynchttpclient.netty.handler.HttpHandler - 

Request DefaultHttpRequest(decodeResult: success, version: HTTP/1.1)
POST /session/4499641ff078a5093e72734b002a18f7/element HTTP/1.1
User-Agent: selenium/4.0.0 (java mac)
Content-Length: 68
Content-Type: application/json; charset=utf-8
host: localhost:53370
accept: */*

Response DefaultHttpResponse(decodeResult: success, version: HTTP/1.1)
HTTP/1.1 200 OK
Content-Type: application/json; charset=utf-8
cache-control: no-cache
content-length: 88

18:58:33.407 [AsyncHttpClient-1-5] DEBUG org.asynchttpclient.netty.channel.ChannelManager - Adding key: http://localhost:53370 for channel [id: 0x5bf46d9d, L:/127.0.0.1:49853 - R:localhost/127.0.0.1:53370]
18:58:33.409 [Forwarding actions on session 4499641ff078a5093e72734b002a18f7 to remote] DEBUG org.asynchttpclient.netty.request.NettyRequestSender - Using pooled Channel '[id: 0x5bf46d9d, L:/127.0.0.1:49853 - R:localhost/127.0.0.1:53370]' for 'POST' to 'http://localhost:53370/session/4499641ff078a5093e72734b002a18f7/actions'
18:58:33.410 [Forwarding actions on session 4499641ff078a5093e72734b002a18f7 to remote] DEBUG org.asynchttpclient.netty.request.NettyRequestSender - Using open Channel [id: 0x5bf46d9d, L:/127.0.0.1:49853 - R:localhost/127.0.0.1:53370] for POST '/session/4499641ff078a5093e72734b002a18f7/actions'
18:58:33.610 [AsyncHttpClient-1-5] DEBUG org.asynchttpclient.netty.handler.HttpHandler - 

Request DefaultHttpRequest(decodeResult: success, version: HTTP/1.1)
POST /session/4499641ff078a5093e72734b002a18f7/actions HTTP/1.1
User-Agent: selenium/4.0.0 (java mac)
Content-Length: 630
Content-Type: application/json; charset=utf-8
host: localhost:53370
accept: */*

Response DefaultHttpResponse(decodeResult: success, version: HTTP/1.1)
HTTP/1.1 200 OK
Content-Type: application/json; charset=utf-8
cache-control: no-cache
content-length: 14

18:58:33.610 [AsyncHttpClient-1-5] DEBUG org.asynchttpclient.netty.channel.ChannelManager - Adding key: http://localhost:53370 for channel [id: 0x5bf46d9d, L:/127.0.0.1:49853 - R:localhost/127.0.0.1:53370]
18:58:33.611 [Forwarding findElements on session 4499641ff078a5093e72734b002a18f7 to remote] DEBUG org.asynchttpclient.netty.request.NettyRequestSender - Using pooled Channel '[id: 0x5bf46d9d, L:/127.0.0.1:49853 - R:localhost/127.0.0.1:53370]' for 'POST' to 'http://localhost:53370/session/4499641ff078a5093e72734b002a18f7/elements'
18:58:33.611 [Forwarding findElements on session 4499641ff078a5093e72734b002a18f7 to remote] DEBUG org.asynchttpclient.netty.request.NettyRequestSender - Using open Channel [id: 0x5bf46d9d, L:/127.0.0.1:49853 - R:localhost/127.0.0.1:53370] for POST '/session/4499641ff078a5093e72734b002a18f7/elements'
18:58:33.629 [AsyncHttpClient-1-5] DEBUG org.asynchttpclient.netty.handler.HttpHandler - 

Request DefaultHttpRequest(decodeResult: success, version: HTTP/1.1)
POST /session/4499641ff078a5093e72734b002a18f7/elements HTTP/1.1
User-Agent: selenium/4.0.0 (java mac)
Content-Length: 64
Content-Type: application/json; charset=utf-8
host: localhost:53370
accept: */*

Response DefaultHttpResponse(decodeResult: success, version: HTTP/1.1)
HTTP/1.1 200 OK
Content-Type: application/json; charset=utf-8
cache-control: no-cache
content-length: 90

18:58:33.629 [AsyncHttpClient-1-5] DEBUG org.asynchttpclient.netty.channel.ChannelManager - Adding key: http://localhost:53370 for channel [id: 0x5bf46d9d, L:/127.0.0.1:49853 - R:localhost/127.0.0.1:53370]
]]></system-out>
    <system-err><![CDATA[Starting ChromeDriver 98.0.4758.102 (273bf7ac8c909cde36982d27f66f3c70846a3718-refs/branch-heads/4758@{#1151}) on port 53370
Only local connections are allowed.
Please see https://chromedriver.chromium.org/security-considerations for suggestions on keeping ChromeDriver safe.
ChromeDriver was started successfully.
февр. 27, 2022 6:58:05 PM org.openqa.selenium.remote.ProtocolHandshake createSession
INFO: Detected dialect: W3C
февр. 27, 2022 6:58:05 PM org.openqa.selenium.devtools.CdpVersionFinder findNearestMatch
WARNING: Unable to find an exact match for CDP version 98, so returning the closest version found: 95
февр. 27, 2022 6:58:05 PM org.openqa.selenium.devtools.CdpVersionFinder findNearestMatch
INFO: Found CDP implementation for version 98 of 95
]]></system-err>
  </testcase>
</testsuite>